Copyright 1986-2018 Xilinx, Inc. All Rights Reserved.
------------------------------------------------------------------------------------
| Tool Version : Vivado v.2018.2 (win64) Build 2258646 Thu Jun 14 20:03:12 MDT 2018
| Date         : Sun Oct 14 11:47:34 2018
| Host         : MSI970-Station running 64-bit major release  (build 9200)
| Command      : upgrade_ip
| Device       : xc7z020clg400-1
------------------------------------------------------------------------------------

Upgrade Log for IP 'design_1_top_0_1'

1. Summary
----------

CAUTION (success, with warnings) in the upgrade of design_1_top_0_1 (xilinx.com:user:top:1.0) from (Rev. 6) to (Rev. 7)

After upgrade, an IP may have parameter and port differences compared to the original customization. Please review the parameters within the IP customization GUI to ensure proper functionality. Also, please review the updated IP instantiation template to ensure proper connectivity, and update your design if required.

2. Connection Warnings
----------------------

Detected external port differences while upgrading 'design_1_top_0_1'. These changes may impact your design.


-Upgrade has removed port 'GSCLK_t'

-Upgrade has removed port 'LAT_t'

-Upgrade has removed port 'SCLK_t'

-Upgrade has removed port 'SOUT_t'

-Upgrade has added port 'GSCLK'

-Upgrade has added port 'LAT'

-Upgrade has added port 'SCLK'

-Upgrade has added port 'SOUT'







Copyright 1986-2018 Xilinx, Inc. All Rights Reserved.
------------------------------------------------------------------------------------
| Tool Version : Vivado v.2018.2 (win64) Build 2258646 Thu Jun 14 20:03:12 MDT 2018
| Date         : Sun Oct 14 11:13:14 2018
| Host         : MSI970-Station running 64-bit major release  (build 9200)
| Command      : upgrade_ip
| Device       : xc7z020clg400-1
------------------------------------------------------------------------------------

Upgrade Log for IP 'design_1_top_0_1'

1. Summary
----------

SUCCESS in the upgrade of design_1_top_0_1 (xilinx.com:user:top:1.0) from (Rev. 5) to (Rev. 6)






Copyright 1986-2018 Xilinx, Inc. All Rights Reserved.
------------------------------------------------------------------------------------
| Tool Version : Vivado v.2018.2 (win64) Build 2258646 Thu Jun 14 20:03:12 MDT 2018
| Date         : Sun Oct 14 11:09:37 2018
| Host         : MSI970-Station running 64-bit major release  (build 9200)
| Command      : upgrade_ip
| Device       : xc7z020clg400-1
------------------------------------------------------------------------------------

Upgrade Log for IP 'design_1_top_0_1'

1. Summary
----------

CAUTION (success, with warnings) in the upgrade of design_1_top_0_1 (xilinx.com:user:top:1.0) from (Rev. 4) to (Rev. 5)

After upgrade, an IP may have parameter and port differences compared to the original customization. Please review the parameters within the IP customization GUI to ensure proper functionality. Also, please review the updated IP instantiation template to ensure proper connectivity, and update your design if required.

2. Connection Warnings
----------------------

Detected external port differences while upgrading 'design_1_top_0_1'. These changes may impact your design.


-Upgraded port 'GSCLK_t' out differs from original direction in

-Upgraded port 'LAT_t' out differs from original direction in

-Upgraded port 'SCLK_t' out differs from original direction in

-Upgraded port 'SOUT_t' out differs from original direction in







Copyright 1986-2018 Xilinx, Inc. All Rights Reserved.
------------------------------------------------------------------------------------
| Tool Version : Vivado v.2018.2 (win64) Build 2258646 Thu Jun 14 20:03:12 MDT 2018
| Date         : Sun Oct 14 10:53:00 2018
| Host         : MSI970-Station running 64-bit major release  (build 9200)
| Command      : upgrade_ip
| Device       : xc7z020clg400-1
------------------------------------------------------------------------------------

Upgrade Log for IP 'design_1_top_0_1'

1. Summary
----------

CAUTION (success, with warnings) in the upgrade of design_1_top_0_1 (xilinx.com:user:top:1.0) from (Rev. 3) to (Rev. 4)

After upgrade, an IP may have parameter and port differences compared to the original customization. Please review the parameters within the IP customization GUI to ensure proper functionality. Also, please review the updated IP instantiation template to ensure proper connectivity, and update your design if required.

2. Connection Warnings
----------------------

Detected external port differences while upgrading 'design_1_top_0_1'. These changes may impact your design.


-Upgrade has removed port 'GSCLK'

-Upgrade has removed port 'LAT'

-Upgrade has removed port 'SCLK'

-Upgrade has removed port 'SOUT'

-Upgrade has added port 'GSCLK_t'

-Upgrade has added port 'LAT_t'

-Upgrade has added port 'SCLK_t'

-Upgrade has added port 'SOUT_t'


