23:51:59 INFO  : Registering command handlers for SDK TCF services
23:52:00 INFO  : Launching XSCT server: xsct.bat -interactive C:\Users\Derek\Desktop\Vivado\TLC_Project\TLC_Project.sdk\temp_xsdb_launch_script.tcl
23:52:02 INFO  : XSCT server has started successfully.
23:52:02 INFO  : Successfully done setting XSCT server connection channel  
23:52:02 INFO  : Successfully done setting SDK workspace  
23:52:02 INFO  : Processing command line option -hwspec C:/Users/Derek/Desktop/Vivado/TLC_Project/TLC_Project.sdk/design_1_wrapper.hdf.
23:53:52 INFO  : Saving repository preferences.
23:53:52 INFO  : Reading in cores from local repositories: 
		 C:\Users\Derek\Desktop\Vivado\ip_repo\TLC5955_SINGLE
23:53:52 INFO  : Cleaning BSP projects in the workspace.
23:54:17 INFO  : Saving repository preferences.
23:57:22 INFO  : Registering command handlers for SDK TCF services
23:57:22 INFO  : Launching XSCT server: xsct.bat -interactive C:\Users\Derek\Desktop\Vivado\TLC_Project\TLC_Project.sdk\temp_xsdb_launch_script.tcl
23:57:24 INFO  : XSCT server has started successfully.
23:57:25 INFO  : Successfully done setting XSCT server connection channel  
23:57:25 INFO  : Successfully done setting SDK workspace  
23:57:25 INFO  : Restoring local repository preferences: 
		 C:\Users\Derek\Desktop\Vivado\ip_repo\TLC5955_SINGLE
23:57:25 INFO  : Processing command line option -hwspec C:/Users/Derek/Desktop/Vivado/TLC_Project/TLC_Project.sdk/design_1_wrapper.hdf.
23:57:25 INFO  : Checking for hwspec changes in the project design_1_wrapper_hw_platform_0.
00:11:50 INFO  : Connected to target on host '127.0.0.1' and port '3121'.
00:11:51 INFO  : 'targets -set -filter {jtag_cable_name =~ "Digilent Arty Z7 003017A703B2A" && level==0} -index 1' command is executed.
00:11:54 INFO  : FPGA configured successfully with bitstream "C:/Users/Derek/Desktop/Vivado/TLC_Project/TLC_Project.sdk/design_1_wrapper_hw_platform_0/design_1_wrapper.bit"
00:12:44 INFO  : Connected to target on host '127.0.0.1' and port '3121'.
00:12:49 INFO  : Connected to target on host '127.0.0.1' and port '3121'.
00:12:49 INFO  : 'targets -set -filter {jtag_cable_name =~ "Digilent Arty Z7 003017A703B2A" && level==0} -index 1' command is executed.
00:12:52 INFO  : FPGA configured successfully with bitstream "C:/Users/Derek/Desktop/Vivado/TLC_Project/TLC_Project.sdk/design_1_wrapper_hw_platform_0/design_1_wrapper.bit"
00:13:27 INFO  : 'targets -set -filter {jtag_cable_name =~ "Digilent Arty Z7 003017A703B2A" && level==0} -index 1' command is executed.
00:13:27 INFO  : 'fpga -state' command is executed.
00:13:27 INFO  : Connected to target on host '127.0.0.1' and port '3121'.
00:13:27 INFO  : Jtag cable 'Digilent Arty Z7 003017A703B2A' is selected.
00:13:27 INFO  : 'jtag frequency' command is executed.
00:13:27 INFO  : Sourcing of 'C:/Users/Derek/Desktop/Vivado/TLC_Project/TLC_Project.sdk/design_1_wrapper_hw_platform_0/ps7_init.tcl' is done.
00:13:28 INFO  : Context for 'APU' is selected.
00:13:28 INFO  : Hardware design information is loaded from 'C:/Users/Derek/Desktop/Vivado/TLC_Project/TLC_Project.sdk/design_1_wrapper_hw_platform_0/system.hdf'.
00:13:28 INFO  : 'configparams force-mem-access 1' command is executed.
00:13:28 INFO  : Context for 'APU' is selected.
00:13:28 INFO  : 'stop' command is executed.
00:13:28 INFO  : 'ps7_init' command is executed.
00:13:28 INFO  : 'ps7_post_config' command is executed.
00:13:28 INFO  : Context for processor 'ps7_cortexa9_0' is selected.
00:13:28 INFO  : Processor reset is completed for 'ps7_cortexa9_0'.
00:13:28 INFO  : Context for processor 'ps7_cortexa9_0' is selected.
00:13:28 ERROR : couldn't open "C:/Users/Derek/Desktop/Vivado/TLC_Project/TLC_Project.sdk/main/Debug/main.elf": no such file or directory
00:13:28 INFO  : ----------------XSDB Script----------------
connect -url tcp:127.0.0.1:3121
source C:/Users/Derek/Desktop/Vivado/TLC_Project/TLC_Project.sdk/design_1_wrapper_hw_platform_0/ps7_init.tcl
targets -set -nocase -filter {name =~"APU*" && jtag_cable_name =~ "Digilent Arty Z7 003017A703B2A"} -index 0
loadhw -hw C:/Users/Derek/Desktop/Vivado/TLC_Project/TLC_Project.sdk/design_1_wrapper_hw_platform_0/system.hdf -mem-ranges [list {0x40000000 0xbfffffff}]
configparams force-mem-access 1
targets -set -nocase -filter {name =~"APU*" && jtag_cable_name =~ "Digilent Arty Z7 003017A703B2A"} -index 0
stop
ps7_init
ps7_post_config
targets -set -nocase -filter {name =~ "ARM*#0" && jtag_cable_name =~ "Digilent Arty Z7 003017A703B2A"} -index 0
rst -processor
targets -set -nocase -filter {name =~ "ARM*#0" && jtag_cable_name =~ "Digilent Arty Z7 003017A703B2A"} -index 0
dow C:/Users/Derek/Desktop/Vivado/TLC_Project/TLC_Project.sdk/main/Debug/main.elf
----------------End of Script----------------

00:16:09 INFO  : 'targets -set -filter {jtag_cable_name =~ "Digilent Arty Z7 003017A703B2A" && level==0} -index 1' command is executed.
00:16:09 INFO  : 'fpga -state' command is executed.
00:16:09 INFO  : Connected to target on host '127.0.0.1' and port '3121'.
00:16:09 INFO  : Jtag cable 'Digilent Arty Z7 003017A703B2A' is selected.
00:16:09 INFO  : 'jtag frequency' command is executed.
00:16:09 INFO  : Sourcing of 'C:/Users/Derek/Desktop/Vivado/TLC_Project/TLC_Project.sdk/design_1_wrapper_hw_platform_0/ps7_init.tcl' is done.
00:16:09 INFO  : Context for 'APU' is selected.
00:16:09 INFO  : Hardware design information is loaded from 'C:/Users/Derek/Desktop/Vivado/TLC_Project/TLC_Project.sdk/design_1_wrapper_hw_platform_0/system.hdf'.
00:16:09 INFO  : 'configparams force-mem-access 1' command is executed.
00:16:09 INFO  : Context for 'APU' is selected.
00:16:09 INFO  : 'stop' command is executed.
00:16:09 INFO  : 'ps7_init' command is executed.
00:16:09 INFO  : 'ps7_post_config' command is executed.
00:16:09 INFO  : Context for processor 'ps7_cortexa9_0' is selected.
00:16:09 INFO  : Processor reset is completed for 'ps7_cortexa9_0'.
00:16:09 INFO  : Context for processor 'ps7_cortexa9_0' is selected.
00:16:10 INFO  : The application 'C:/Users/Derek/Desktop/Vivado/TLC_Project/TLC_Project.sdk/main/Debug/main.elf' is downloaded to processor 'ps7_cortexa9_0'.
00:16:10 INFO  : 'configparams force-mem-access 0' command is executed.
00:16:10 INFO  : ----------------XSDB Script----------------
connect -url tcp:127.0.0.1:3121
source C:/Users/Derek/Desktop/Vivado/TLC_Project/TLC_Project.sdk/design_1_wrapper_hw_platform_0/ps7_init.tcl
targets -set -nocase -filter {name =~"APU*" && jtag_cable_name =~ "Digilent Arty Z7 003017A703B2A"} -index 0
loadhw -hw C:/Users/Derek/Desktop/Vivado/TLC_Project/TLC_Project.sdk/design_1_wrapper_hw_platform_0/system.hdf -mem-ranges [list {0x40000000 0xbfffffff}]
configparams force-mem-access 1
targets -set -nocase -filter {name =~"APU*" && jtag_cable_name =~ "Digilent Arty Z7 003017A703B2A"} -index 0
stop
ps7_init
ps7_post_config
targets -set -nocase -filter {name =~ "ARM*#0" && jtag_cable_name =~ "Digilent Arty Z7 003017A703B2A"} -index 0
rst -processor
targets -set -nocase -filter {name =~ "ARM*#0" && jtag_cable_name =~ "Digilent Arty Z7 003017A703B2A"} -index 0
dow C:/Users/Derek/Desktop/Vivado/TLC_Project/TLC_Project.sdk/main/Debug/main.elf
configparams force-mem-access 0
----------------End of Script----------------

00:16:10 INFO  : Context for processor 'ps7_cortexa9_0' is selected.
00:16:10 INFO  : 'con' command is executed.
00:16:10 INFO  : ----------------XSDB Script (After Launch)----------------
targets -set -nocase -filter {name =~ "ARM*#0" && jtag_cable_name =~ "Digilent Arty Z7 003017A703B2A"} -index 0
con
----------------End of Script----------------

00:16:10 INFO  : Disconnected from the channel tcfchan#1.
00:16:44 INFO  : 'targets -set -filter {jtag_cable_name =~ "Digilent Arty Z7 003017A703B2A" && level==0} -index 1' command is executed.
00:16:44 INFO  : 'fpga -state' command is executed.
00:16:44 INFO  : Connected to target on host '127.0.0.1' and port '3121'.
00:16:44 INFO  : Jtag cable 'Digilent Arty Z7 003017A703B2A' is selected.
00:16:44 INFO  : 'jtag frequency' command is executed.
00:16:44 INFO  : Sourcing of 'C:/Users/Derek/Desktop/Vivado/TLC_Project/TLC_Project.sdk/design_1_wrapper_hw_platform_0/ps7_init.tcl' is done.
00:16:44 INFO  : Context for 'APU' is selected.
00:16:46 INFO  : Hardware design information is loaded from 'C:/Users/Derek/Desktop/Vivado/TLC_Project/TLC_Project.sdk/design_1_wrapper_hw_platform_0/system.hdf'.
00:16:46 INFO  : 'configparams force-mem-access 1' command is executed.
00:16:47 INFO  : Context for 'APU' is selected.
00:16:47 INFO  : 'stop' command is executed.
00:16:47 INFO  : 'ps7_init' command is executed.
00:16:47 INFO  : 'ps7_post_config' command is executed.
00:16:48 INFO  : Context for processor 'ps7_cortexa9_0' is selected.
00:16:48 INFO  : Processor reset is completed for 'ps7_cortexa9_0'.
00:16:48 INFO  : Context for processor 'ps7_cortexa9_0' is selected.
00:16:48 INFO  : The application 'C:/Users/Derek/Desktop/Vivado/TLC_Project/TLC_Project.sdk/main/Debug/main.elf' is downloaded to processor 'ps7_cortexa9_0'.
00:16:48 INFO  : 'configparams force-mem-access 0' command is executed.
00:16:48 INFO  : ----------------XSDB Script----------------
connect -url tcp:127.0.0.1:3121
source C:/Users/Derek/Desktop/Vivado/TLC_Project/TLC_Project.sdk/design_1_wrapper_hw_platform_0/ps7_init.tcl
targets -set -nocase -filter {name =~"APU*" && jtag_cable_name =~ "Digilent Arty Z7 003017A703B2A"} -index 0
loadhw -hw C:/Users/Derek/Desktop/Vivado/TLC_Project/TLC_Project.sdk/design_1_wrapper_hw_platform_0/system.hdf -mem-ranges [list {0x40000000 0xbfffffff}]
configparams force-mem-access 1
targets -set -nocase -filter {name =~"APU*" && jtag_cable_name =~ "Digilent Arty Z7 003017A703B2A"} -index 0
stop
ps7_init
ps7_post_config
targets -set -nocase -filter {name =~ "ARM*#0" && jtag_cable_name =~ "Digilent Arty Z7 003017A703B2A"} -index 0
rst -processor
targets -set -nocase -filter {name =~ "ARM*#0" && jtag_cable_name =~ "Digilent Arty Z7 003017A703B2A"} -index 0
dow C:/Users/Derek/Desktop/Vivado/TLC_Project/TLC_Project.sdk/main/Debug/main.elf
configparams force-mem-access 0
----------------End of Script----------------

00:16:48 INFO  : Context for processor 'ps7_cortexa9_0' is selected.
00:16:48 INFO  : 'con' command is executed.
00:16:48 INFO  : ----------------XSDB Script (After Launch)----------------
targets -set -nocase -filter {name =~ "ARM*#0" && jtag_cable_name =~ "Digilent Arty Z7 003017A703B2A"} -index 0
con
----------------End of Script----------------

00:16:48 INFO  : Disconnected from the channel tcfchan#2.
00:17:41 INFO  : 'targets -set -filter {jtag_cable_name =~ "Digilent Arty Z7 003017A703B2A" && level==0} -index 1' command is executed.
00:17:41 INFO  : 'fpga -state' command is executed.
00:17:41 INFO  : Connected to target on host '127.0.0.1' and port '3121'.
00:17:41 INFO  : Jtag cable 'Digilent Arty Z7 003017A703B2A' is selected.
00:17:41 INFO  : 'jtag frequency' command is executed.
00:17:41 INFO  : Sourcing of 'C:/Users/Derek/Desktop/Vivado/TLC_Project/TLC_Project.sdk/design_1_wrapper_hw_platform_0/ps7_init.tcl' is done.
00:17:41 INFO  : Context for 'APU' is selected.
00:17:43 INFO  : Hardware design information is loaded from 'C:/Users/Derek/Desktop/Vivado/TLC_Project/TLC_Project.sdk/design_1_wrapper_hw_platform_0/system.hdf'.
00:17:43 INFO  : 'configparams force-mem-access 1' command is executed.
00:17:44 INFO  : Context for 'APU' is selected.
00:17:44 INFO  : 'stop' command is executed.
00:17:44 INFO  : 'ps7_init' command is executed.
00:17:44 INFO  : 'ps7_post_config' command is executed.
00:17:45 INFO  : Context for processor 'ps7_cortexa9_0' is selected.
00:17:45 INFO  : Processor reset is completed for 'ps7_cortexa9_0'.
00:17:45 INFO  : Context for processor 'ps7_cortexa9_0' is selected.
00:17:45 INFO  : The application 'C:/Users/Derek/Desktop/Vivado/TLC_Project/TLC_Project.sdk/main/Debug/main.elf' is downloaded to processor 'ps7_cortexa9_0'.
00:17:45 INFO  : 'configparams force-mem-access 0' command is executed.
00:17:45 INFO  : ----------------XSDB Script----------------
connect -url tcp:127.0.0.1:3121
source C:/Users/Derek/Desktop/Vivado/TLC_Project/TLC_Project.sdk/design_1_wrapper_hw_platform_0/ps7_init.tcl
targets -set -nocase -filter {name =~"APU*" && jtag_cable_name =~ "Digilent Arty Z7 003017A703B2A"} -index 0
loadhw -hw C:/Users/Derek/Desktop/Vivado/TLC_Project/TLC_Project.sdk/design_1_wrapper_hw_platform_0/system.hdf -mem-ranges [list {0x40000000 0xbfffffff}]
configparams force-mem-access 1
targets -set -nocase -filter {name =~"APU*" && jtag_cable_name =~ "Digilent Arty Z7 003017A703B2A"} -index 0
stop
ps7_init
ps7_post_config
targets -set -nocase -filter {name =~ "ARM*#0" && jtag_cable_name =~ "Digilent Arty Z7 003017A703B2A"} -index 0
rst -processor
targets -set -nocase -filter {name =~ "ARM*#0" && jtag_cable_name =~ "Digilent Arty Z7 003017A703B2A"} -index 0
dow C:/Users/Derek/Desktop/Vivado/TLC_Project/TLC_Project.sdk/main/Debug/main.elf
configparams force-mem-access 0
----------------End of Script----------------

00:17:45 INFO  : Context for processor 'ps7_cortexa9_0' is selected.
00:17:46 INFO  : 'con' command is executed.
00:17:46 INFO  : ----------------XSDB Script (After Launch)----------------
targets -set -nocase -filter {name =~ "ARM*#0" && jtag_cable_name =~ "Digilent Arty Z7 003017A703B2A"} -index 0
con
----------------End of Script----------------

00:17:46 INFO  : Disconnected from the channel tcfchan#3.
00:18:06 INFO  : 'targets -set -filter {jtag_cable_name =~ "Digilent Arty Z7 003017A703B2A" && level==0} -index 1' command is executed.
00:18:06 INFO  : 'fpga -state' command is executed.
00:18:06 INFO  : Connected to target on host '127.0.0.1' and port '3121'.
00:18:07 INFO  : Jtag cable 'Digilent Arty Z7 003017A703B2A' is selected.
00:18:07 INFO  : 'jtag frequency' command is executed.
00:18:07 INFO  : Sourcing of 'C:/Users/Derek/Desktop/Vivado/TLC_Project/TLC_Project.sdk/design_1_wrapper_hw_platform_0/ps7_init.tcl' is done.
00:18:07 INFO  : Context for 'APU' is selected.
00:18:09 INFO  : Hardware design information is loaded from 'C:/Users/Derek/Desktop/Vivado/TLC_Project/TLC_Project.sdk/design_1_wrapper_hw_platform_0/system.hdf'.
00:18:09 INFO  : 'configparams force-mem-access 1' command is executed.
00:18:09 INFO  : Context for 'APU' is selected.
00:18:09 INFO  : 'stop' command is executed.
00:18:10 INFO  : 'ps7_init' command is executed.
00:18:10 INFO  : 'ps7_post_config' command is executed.
00:18:10 INFO  : Context for processor 'ps7_cortexa9_0' is selected.
00:18:10 INFO  : Processor reset is completed for 'ps7_cortexa9_0'.
00:18:10 INFO  : Context for processor 'ps7_cortexa9_0' is selected.
00:18:10 INFO  : The application 'C:/Users/Derek/Desktop/Vivado/TLC_Project/TLC_Project.sdk/main/Debug/main.elf' is downloaded to processor 'ps7_cortexa9_0'.
00:18:10 INFO  : 'configparams force-mem-access 0' command is executed.
00:18:10 INFO  : ----------------XSDB Script----------------
connect -url tcp:127.0.0.1:3121
source C:/Users/Derek/Desktop/Vivado/TLC_Project/TLC_Project.sdk/design_1_wrapper_hw_platform_0/ps7_init.tcl
targets -set -nocase -filter {name =~"APU*" && jtag_cable_name =~ "Digilent Arty Z7 003017A703B2A"} -index 0
loadhw -hw C:/Users/Derek/Desktop/Vivado/TLC_Project/TLC_Project.sdk/design_1_wrapper_hw_platform_0/system.hdf -mem-ranges [list {0x40000000 0xbfffffff}]
configparams force-mem-access 1
targets -set -nocase -filter {name =~"APU*" && jtag_cable_name =~ "Digilent Arty Z7 003017A703B2A"} -index 0
stop
ps7_init
ps7_post_config
targets -set -nocase -filter {name =~ "ARM*#0" && jtag_cable_name =~ "Digilent Arty Z7 003017A703B2A"} -index 0
rst -processor
targets -set -nocase -filter {name =~ "ARM*#0" && jtag_cable_name =~ "Digilent Arty Z7 003017A703B2A"} -index 0
dow C:/Users/Derek/Desktop/Vivado/TLC_Project/TLC_Project.sdk/main/Debug/main.elf
configparams force-mem-access 0
----------------End of Script----------------

00:18:10 INFO  : Context for processor 'ps7_cortexa9_0' is selected.
00:18:10 INFO  : 'con' command is executed.
00:18:10 INFO  : ----------------XSDB Script (After Launch)----------------
targets -set -nocase -filter {name =~ "ARM*#0" && jtag_cable_name =~ "Digilent Arty Z7 003017A703B2A"} -index 0
con
----------------End of Script----------------

00:18:10 INFO  : Disconnected from the channel tcfchan#4.
00:21:37 INFO  : 'targets -set -filter {jtag_cable_name =~ "Digilent Arty Z7 003017A703B2A" && level==0} -index 1' command is executed.
00:21:37 INFO  : 'fpga -state' command is executed.
00:21:37 INFO  : Connected to target on host '127.0.0.1' and port '3121'.
00:21:38 INFO  : Jtag cable 'Digilent Arty Z7 003017A703B2A' is selected.
00:21:38 INFO  : 'jtag frequency' command is executed.
00:21:38 INFO  : Sourcing of 'C:/Users/Derek/Desktop/Vivado/TLC_Project/TLC_Project.sdk/design_1_wrapper_hw_platform_0/ps7_init.tcl' is done.
00:21:38 INFO  : Context for 'APU' is selected.
00:21:40 INFO  : Hardware design information is loaded from 'C:/Users/Derek/Desktop/Vivado/TLC_Project/TLC_Project.sdk/design_1_wrapper_hw_platform_0/system.hdf'.
00:21:40 INFO  : 'configparams force-mem-access 1' command is executed.
00:21:41 INFO  : Context for 'APU' is selected.
00:21:41 INFO  : 'stop' command is executed.
00:21:41 INFO  : 'ps7_init' command is executed.
00:21:41 INFO  : 'ps7_post_config' command is executed.
00:21:42 INFO  : Context for processor 'ps7_cortexa9_0' is selected.
00:21:42 INFO  : Processor reset is completed for 'ps7_cortexa9_0'.
00:21:42 INFO  : Context for processor 'ps7_cortexa9_0' is selected.
00:21:42 INFO  : The application 'C:/Users/Derek/Desktop/Vivado/TLC_Project/TLC_Project.sdk/main/Debug/main.elf' is downloaded to processor 'ps7_cortexa9_0'.
00:21:42 INFO  : 'configparams force-mem-access 0' command is executed.
00:21:42 INFO  : ----------------XSDB Script----------------
connect -url tcp:127.0.0.1:3121
source C:/Users/Derek/Desktop/Vivado/TLC_Project/TLC_Project.sdk/design_1_wrapper_hw_platform_0/ps7_init.tcl
targets -set -nocase -filter {name =~"APU*" && jtag_cable_name =~ "Digilent Arty Z7 003017A703B2A"} -index 0
loadhw -hw C:/Users/Derek/Desktop/Vivado/TLC_Project/TLC_Project.sdk/design_1_wrapper_hw_platform_0/system.hdf -mem-ranges [list {0x40000000 0xbfffffff}]
configparams force-mem-access 1
targets -set -nocase -filter {name =~"APU*" && jtag_cable_name =~ "Digilent Arty Z7 003017A703B2A"} -index 0
stop
ps7_init
ps7_post_config
targets -set -nocase -filter {name =~ "ARM*#0" && jtag_cable_name =~ "Digilent Arty Z7 003017A703B2A"} -index 0
rst -processor
targets -set -nocase -filter {name =~ "ARM*#0" && jtag_cable_name =~ "Digilent Arty Z7 003017A703B2A"} -index 0
dow C:/Users/Derek/Desktop/Vivado/TLC_Project/TLC_Project.sdk/main/Debug/main.elf
configparams force-mem-access 0
----------------End of Script----------------

00:21:42 INFO  : Context for processor 'ps7_cortexa9_0' is selected.
00:21:42 INFO  : 'con' command is executed.
00:21:42 INFO  : ----------------XSDB Script (After Launch)----------------
targets -set -nocase -filter {name =~ "ARM*#0" && jtag_cable_name =~ "Digilent Arty Z7 003017A703B2A"} -index 0
con
----------------End of Script----------------

00:21:42 INFO  : Disconnected from the channel tcfchan#5.
00:23:29 INFO  : 'targets -set -filter {jtag_cable_name =~ "Digilent Arty Z7 003017A703B2A" && level==0} -index 1' command is executed.
00:23:30 INFO  : 'fpga -state' command is executed.
00:23:30 INFO  : Connected to target on host '127.0.0.1' and port '3121'.
00:23:30 INFO  : Jtag cable 'Digilent Arty Z7 003017A703B2A' is selected.
00:23:30 INFO  : 'jtag frequency' command is executed.
00:23:30 INFO  : Sourcing of 'C:/Users/Derek/Desktop/Vivado/TLC_Project/TLC_Project.sdk/design_1_wrapper_hw_platform_0/ps7_init.tcl' is done.
00:23:30 INFO  : Context for 'APU' is selected.
00:23:32 INFO  : Hardware design information is loaded from 'C:/Users/Derek/Desktop/Vivado/TLC_Project/TLC_Project.sdk/design_1_wrapper_hw_platform_0/system.hdf'.
00:23:32 INFO  : 'configparams force-mem-access 1' command is executed.
00:23:32 INFO  : Context for 'APU' is selected.
00:23:32 INFO  : 'stop' command is executed.
00:23:33 INFO  : 'ps7_init' command is executed.
00:23:33 INFO  : 'ps7_post_config' command is executed.
00:23:33 INFO  : Context for processor 'ps7_cortexa9_0' is selected.
00:23:33 INFO  : Processor reset is completed for 'ps7_cortexa9_0'.
00:23:33 INFO  : Context for processor 'ps7_cortexa9_0' is selected.
00:23:33 INFO  : The application 'C:/Users/Derek/Desktop/Vivado/TLC_Project/TLC_Project.sdk/main/Debug/main.elf' is downloaded to processor 'ps7_cortexa9_0'.
00:23:33 INFO  : 'configparams force-mem-access 0' command is executed.
00:23:33 INFO  : ----------------XSDB Script----------------
connect -url tcp:127.0.0.1:3121
source C:/Users/Derek/Desktop/Vivado/TLC_Project/TLC_Project.sdk/design_1_wrapper_hw_platform_0/ps7_init.tcl
targets -set -nocase -filter {name =~"APU*" && jtag_cable_name =~ "Digilent Arty Z7 003017A703B2A"} -index 0
loadhw -hw C:/Users/Derek/Desktop/Vivado/TLC_Project/TLC_Project.sdk/design_1_wrapper_hw_platform_0/system.hdf -mem-ranges [list {0x40000000 0xbfffffff}]
configparams force-mem-access 1
targets -set -nocase -filter {name =~"APU*" && jtag_cable_name =~ "Digilent Arty Z7 003017A703B2A"} -index 0
stop
ps7_init
ps7_post_config
targets -set -nocase -filter {name =~ "ARM*#0" && jtag_cable_name =~ "Digilent Arty Z7 003017A703B2A"} -index 0
rst -processor
targets -set -nocase -filter {name =~ "ARM*#0" && jtag_cable_name =~ "Digilent Arty Z7 003017A703B2A"} -index 0
dow C:/Users/Derek/Desktop/Vivado/TLC_Project/TLC_Project.sdk/main/Debug/main.elf
configparams force-mem-access 0
----------------End of Script----------------

00:23:33 INFO  : Context for processor 'ps7_cortexa9_0' is selected.
00:23:33 INFO  : 'con' command is executed.
00:23:33 INFO  : ----------------XSDB Script (After Launch)----------------
targets -set -nocase -filter {name =~ "ARM*#0" && jtag_cable_name =~ "Digilent Arty Z7 003017A703B2A"} -index 0
con
----------------End of Script----------------

00:23:33 INFO  : Disconnected from the channel tcfchan#6.
00:25:09 INFO  : 'targets -set -filter {jtag_cable_name =~ "Digilent Arty Z7 003017A703B2A" && level==0} -index 1' command is executed.
00:25:09 INFO  : 'fpga -state' command is executed.
00:25:09 INFO  : Connected to target on host '127.0.0.1' and port '3121'.
00:25:10 INFO  : Jtag cable 'Digilent Arty Z7 003017A703B2A' is selected.
00:25:10 INFO  : 'jtag frequency' command is executed.
00:25:10 INFO  : Sourcing of 'C:/Users/Derek/Desktop/Vivado/TLC_Project/TLC_Project.sdk/design_1_wrapper_hw_platform_0/ps7_init.tcl' is done.
00:25:10 INFO  : Context for 'APU' is selected.
00:25:12 INFO  : Hardware design information is loaded from 'C:/Users/Derek/Desktop/Vivado/TLC_Project/TLC_Project.sdk/design_1_wrapper_hw_platform_0/system.hdf'.
00:25:12 INFO  : 'configparams force-mem-access 1' command is executed.
00:25:12 INFO  : Context for 'APU' is selected.
00:25:13 INFO  : 'stop' command is executed.
00:25:13 INFO  : 'ps7_init' command is executed.
00:25:13 INFO  : 'ps7_post_config' command is executed.
00:25:13 INFO  : Context for processor 'ps7_cortexa9_0' is selected.
00:25:13 INFO  : Processor reset is completed for 'ps7_cortexa9_0'.
00:25:13 INFO  : Context for processor 'ps7_cortexa9_0' is selected.
00:25:14 INFO  : The application 'C:/Users/Derek/Desktop/Vivado/TLC_Project/TLC_Project.sdk/main/Debug/main.elf' is downloaded to processor 'ps7_cortexa9_0'.
00:25:14 INFO  : 'configparams force-mem-access 0' command is executed.
00:25:14 INFO  : ----------------XSDB Script----------------
connect -url tcp:127.0.0.1:3121
source C:/Users/Derek/Desktop/Vivado/TLC_Project/TLC_Project.sdk/design_1_wrapper_hw_platform_0/ps7_init.tcl
targets -set -nocase -filter {name =~"APU*" && jtag_cable_name =~ "Digilent Arty Z7 003017A703B2A"} -index 0
loadhw -hw C:/Users/Derek/Desktop/Vivado/TLC_Project/TLC_Project.sdk/design_1_wrapper_hw_platform_0/system.hdf -mem-ranges [list {0x40000000 0xbfffffff}]
configparams force-mem-access 1
targets -set -nocase -filter {name =~"APU*" && jtag_cable_name =~ "Digilent Arty Z7 003017A703B2A"} -index 0
stop
ps7_init
ps7_post_config
targets -set -nocase -filter {name =~ "ARM*#0" && jtag_cable_name =~ "Digilent Arty Z7 003017A703B2A"} -index 0
rst -processor
targets -set -nocase -filter {name =~ "ARM*#0" && jtag_cable_name =~ "Digilent Arty Z7 003017A703B2A"} -index 0
dow C:/Users/Derek/Desktop/Vivado/TLC_Project/TLC_Project.sdk/main/Debug/main.elf
configparams force-mem-access 0
----------------End of Script----------------

00:25:14 INFO  : Context for processor 'ps7_cortexa9_0' is selected.
00:25:14 INFO  : 'con' command is executed.
00:25:14 INFO  : ----------------XSDB Script (After Launch)----------------
targets -set -nocase -filter {name =~ "ARM*#0" && jtag_cable_name =~ "Digilent Arty Z7 003017A703B2A"} -index 0
con
----------------End of Script----------------

00:25:14 INFO  : Disconnected from the channel tcfchan#7.
00:26:45 INFO  : 'targets -set -filter {jtag_cable_name =~ "Digilent Arty Z7 003017A703B2A" && level==0} -index 1' command is executed.
00:26:45 INFO  : 'fpga -state' command is executed.
00:26:45 INFO  : Connected to target on host '127.0.0.1' and port '3121'.
00:26:45 INFO  : Jtag cable 'Digilent Arty Z7 003017A703B2A' is selected.
00:26:45 INFO  : 'jtag frequency' command is executed.
00:26:45 INFO  : Sourcing of 'C:/Users/Derek/Desktop/Vivado/TLC_Project/TLC_Project.sdk/design_1_wrapper_hw_platform_0/ps7_init.tcl' is done.
00:26:45 INFO  : Context for 'APU' is selected.
00:26:47 INFO  : Hardware design information is loaded from 'C:/Users/Derek/Desktop/Vivado/TLC_Project/TLC_Project.sdk/design_1_wrapper_hw_platform_0/system.hdf'.
00:26:47 INFO  : 'configparams force-mem-access 1' command is executed.
00:26:48 INFO  : Context for 'APU' is selected.
00:26:48 INFO  : 'stop' command is executed.
00:26:48 INFO  : 'ps7_init' command is executed.
00:26:48 INFO  : 'ps7_post_config' command is executed.
00:26:49 INFO  : Context for processor 'ps7_cortexa9_0' is selected.
00:26:49 INFO  : Processor reset is completed for 'ps7_cortexa9_0'.
00:26:49 INFO  : Context for processor 'ps7_cortexa9_0' is selected.
00:26:49 INFO  : The application 'C:/Users/Derek/Desktop/Vivado/TLC_Project/TLC_Project.sdk/main/Debug/main.elf' is downloaded to processor 'ps7_cortexa9_0'.
00:26:49 INFO  : 'configparams force-mem-access 0' command is executed.
00:26:49 INFO  : ----------------XSDB Script----------------
connect -url tcp:127.0.0.1:3121
source C:/Users/Derek/Desktop/Vivado/TLC_Project/TLC_Project.sdk/design_1_wrapper_hw_platform_0/ps7_init.tcl
targets -set -nocase -filter {name =~"APU*" && jtag_cable_name =~ "Digilent Arty Z7 003017A703B2A"} -index 0
loadhw -hw C:/Users/Derek/Desktop/Vivado/TLC_Project/TLC_Project.sdk/design_1_wrapper_hw_platform_0/system.hdf -mem-ranges [list {0x40000000 0xbfffffff}]
configparams force-mem-access 1
targets -set -nocase -filter {name =~"APU*" && jtag_cable_name =~ "Digilent Arty Z7 003017A703B2A"} -index 0
stop
ps7_init
ps7_post_config
targets -set -nocase -filter {name =~ "ARM*#0" && jtag_cable_name =~ "Digilent Arty Z7 003017A703B2A"} -index 0
rst -processor
targets -set -nocase -filter {name =~ "ARM*#0" && jtag_cable_name =~ "Digilent Arty Z7 003017A703B2A"} -index 0
dow C:/Users/Derek/Desktop/Vivado/TLC_Project/TLC_Project.sdk/main/Debug/main.elf
configparams force-mem-access 0
----------------End of Script----------------

00:26:49 INFO  : Context for processor 'ps7_cortexa9_0' is selected.
00:26:49 INFO  : 'con' command is executed.
00:26:49 INFO  : ----------------XSDB Script (After Launch)----------------
targets -set -nocase -filter {name =~ "ARM*#0" && jtag_cable_name =~ "Digilent Arty Z7 003017A703B2A"} -index 0
con
----------------End of Script----------------

00:26:49 INFO  : Disconnected from the channel tcfchan#8.
00:28:46 INFO  : 'targets -set -filter {jtag_cable_name =~ "Digilent Arty Z7 003017A703B2A" && level==0} -index 1' command is executed.
00:28:46 INFO  : 'fpga -state' command is executed.
00:28:46 INFO  : Connected to target on host '127.0.0.1' and port '3121'.
00:28:46 INFO  : Jtag cable 'Digilent Arty Z7 003017A703B2A' is selected.
00:28:46 INFO  : 'jtag frequency' command is executed.
00:28:46 INFO  : Sourcing of 'C:/Users/Derek/Desktop/Vivado/TLC_Project/TLC_Project.sdk/design_1_wrapper_hw_platform_0/ps7_init.tcl' is done.
00:28:46 INFO  : Context for 'APU' is selected.
00:28:48 INFO  : Hardware design information is loaded from 'C:/Users/Derek/Desktop/Vivado/TLC_Project/TLC_Project.sdk/design_1_wrapper_hw_platform_0/system.hdf'.
00:28:48 INFO  : 'configparams force-mem-access 1' command is executed.
00:28:49 INFO  : Context for 'APU' is selected.
00:28:49 INFO  : 'stop' command is executed.
00:28:49 INFO  : 'ps7_init' command is executed.
00:28:49 INFO  : 'ps7_post_config' command is executed.
00:28:50 INFO  : Context for processor 'ps7_cortexa9_0' is selected.
00:28:50 INFO  : Processor reset is completed for 'ps7_cortexa9_0'.
00:28:50 INFO  : Context for processor 'ps7_cortexa9_0' is selected.
00:28:50 INFO  : The application 'C:/Users/Derek/Desktop/Vivado/TLC_Project/TLC_Project.sdk/main/Debug/main.elf' is downloaded to processor 'ps7_cortexa9_0'.
00:28:50 INFO  : 'configparams force-mem-access 0' command is executed.
00:28:50 INFO  : ----------------XSDB Script----------------
connect -url tcp:127.0.0.1:3121
source C:/Users/Derek/Desktop/Vivado/TLC_Project/TLC_Project.sdk/design_1_wrapper_hw_platform_0/ps7_init.tcl
targets -set -nocase -filter {name =~"APU*" && jtag_cable_name =~ "Digilent Arty Z7 003017A703B2A"} -index 0
loadhw -hw C:/Users/Derek/Desktop/Vivado/TLC_Project/TLC_Project.sdk/design_1_wrapper_hw_platform_0/system.hdf -mem-ranges [list {0x40000000 0xbfffffff}]
configparams force-mem-access 1
targets -set -nocase -filter {name =~"APU*" && jtag_cable_name =~ "Digilent Arty Z7 003017A703B2A"} -index 0
stop
ps7_init
ps7_post_config
targets -set -nocase -filter {name =~ "ARM*#0" && jtag_cable_name =~ "Digilent Arty Z7 003017A703B2A"} -index 0
rst -processor
targets -set -nocase -filter {name =~ "ARM*#0" && jtag_cable_name =~ "Digilent Arty Z7 003017A703B2A"} -index 0
dow C:/Users/Derek/Desktop/Vivado/TLC_Project/TLC_Project.sdk/main/Debug/main.elf
configparams force-mem-access 0
----------------End of Script----------------

00:28:50 INFO  : Context for processor 'ps7_cortexa9_0' is selected.
00:28:50 INFO  : 'con' command is executed.
00:28:50 INFO  : ----------------XSDB Script (After Launch)----------------
targets -set -nocase -filter {name =~ "ARM*#0" && jtag_cable_name =~ "Digilent Arty Z7 003017A703B2A"} -index 0
con
----------------End of Script----------------

00:28:50 INFO  : Disconnected from the channel tcfchan#9.
00:29:21 INFO  : Connected to target on host '127.0.0.1' and port '3121'.
00:29:22 INFO  : 'targets -set -filter {jtag_cable_name =~ "Digilent Arty Z7 003017A703B2A" && level==0} -index 1' command is executed.
00:29:25 INFO  : FPGA configured successfully with bitstream "C:/Users/Derek/Desktop/Vivado/TLC_Project/TLC_Project.sdk/design_1_wrapper_hw_platform_0/design_1_wrapper.bit"
00:29:45 INFO  : 'targets -set -filter {jtag_cable_name =~ "Digilent Arty Z7 003017A703B2A" && level==0} -index 1' command is executed.
00:29:45 INFO  : 'fpga -state' command is executed.
00:29:45 INFO  : Connected to target on host '127.0.0.1' and port '3121'.
00:29:45 INFO  : Jtag cable 'Digilent Arty Z7 003017A703B2A' is selected.
00:29:45 INFO  : 'jtag frequency' command is executed.
00:29:45 INFO  : Sourcing of 'C:/Users/Derek/Desktop/Vivado/TLC_Project/TLC_Project.sdk/design_1_wrapper_hw_platform_0/ps7_init.tcl' is done.
00:29:45 INFO  : Context for 'APU' is selected.
00:29:45 INFO  : Hardware design information is loaded from 'C:/Users/Derek/Desktop/Vivado/TLC_Project/TLC_Project.sdk/design_1_wrapper_hw_platform_0/system.hdf'.
00:29:45 INFO  : 'configparams force-mem-access 1' command is executed.
00:29:45 INFO  : Context for 'APU' is selected.
00:29:45 INFO  : 'stop' command is executed.
00:29:45 INFO  : 'ps7_init' command is executed.
00:29:45 INFO  : 'ps7_post_config' command is executed.
00:29:45 INFO  : Context for processor 'ps7_cortexa9_0' is selected.
00:29:45 INFO  : Processor reset is completed for 'ps7_cortexa9_0'.
00:29:45 INFO  : Context for processor 'ps7_cortexa9_0' is selected.
00:29:45 INFO  : The application 'C:/Users/Derek/Desktop/Vivado/TLC_Project/TLC_Project.sdk/main/Debug/main.elf' is downloaded to processor 'ps7_cortexa9_0'.
00:29:45 INFO  : 'configparams force-mem-access 0' command is executed.
00:29:45 INFO  : ----------------XSDB Script----------------
connect -url tcp:127.0.0.1:3121
source C:/Users/Derek/Desktop/Vivado/TLC_Project/TLC_Project.sdk/design_1_wrapper_hw_platform_0/ps7_init.tcl
targets -set -nocase -filter {name =~"APU*" && jtag_cable_name =~ "Digilent Arty Z7 003017A703B2A"} -index 0
loadhw -hw C:/Users/Derek/Desktop/Vivado/TLC_Project/TLC_Project.sdk/design_1_wrapper_hw_platform_0/system.hdf -mem-ranges [list {0x40000000 0xbfffffff}]
configparams force-mem-access 1
targets -set -nocase -filter {name =~"APU*" && jtag_cable_name =~ "Digilent Arty Z7 003017A703B2A"} -index 0
stop
ps7_init
ps7_post_config
targets -set -nocase -filter {name =~ "ARM*#0" && jtag_cable_name =~ "Digilent Arty Z7 003017A703B2A"} -index 0
rst -processor
targets -set -nocase -filter {name =~ "ARM*#0" && jtag_cable_name =~ "Digilent Arty Z7 003017A703B2A"} -index 0
dow C:/Users/Derek/Desktop/Vivado/TLC_Project/TLC_Project.sdk/main/Debug/main.elf
configparams force-mem-access 0
----------------End of Script----------------

00:29:45 INFO  : Context for processor 'ps7_cortexa9_0' is selected.
00:29:45 INFO  : 'con' command is executed.
00:29:45 INFO  : ----------------XSDB Script (After Launch)----------------
targets -set -nocase -filter {name =~ "ARM*#0" && jtag_cable_name =~ "Digilent Arty Z7 003017A703B2A"} -index 0
con
----------------End of Script----------------

00:29:45 INFO  : Disconnected from the channel tcfchan#10.
00:33:49 INFO  : 'targets -set -filter {jtag_cable_name =~ "Digilent Arty Z7 003017A703B2A" && level==0} -index 1' command is executed.
00:33:49 INFO  : 'fpga -state' command is executed.
00:33:49 INFO  : Connected to target on host '127.0.0.1' and port '3121'.
00:33:49 INFO  : Jtag cable 'Digilent Arty Z7 003017A703B2A' is selected.
00:33:49 INFO  : 'jtag frequency' command is executed.
00:33:49 INFO  : Sourcing of 'C:/Users/Derek/Desktop/Vivado/TLC_Project/TLC_Project.sdk/design_1_wrapper_hw_platform_0/ps7_init.tcl' is done.
00:33:50 INFO  : Context for 'APU' is selected.
00:33:51 INFO  : Hardware design information is loaded from 'C:/Users/Derek/Desktop/Vivado/TLC_Project/TLC_Project.sdk/design_1_wrapper_hw_platform_0/system.hdf'.
00:33:51 INFO  : 'configparams force-mem-access 1' command is executed.
00:33:51 INFO  : Context for 'APU' is selected.
00:33:51 INFO  : 'stop' command is executed.
00:33:52 INFO  : 'ps7_init' command is executed.
00:33:52 INFO  : 'ps7_post_config' command is executed.
00:33:52 INFO  : Context for processor 'ps7_cortexa9_0' is selected.
00:33:52 INFO  : Processor reset is completed for 'ps7_cortexa9_0'.
00:33:52 INFO  : Context for processor 'ps7_cortexa9_0' is selected.
00:33:53 INFO  : The application 'C:/Users/Derek/Desktop/Vivado/TLC_Project/TLC_Project.sdk/main/Debug/main.elf' is downloaded to processor 'ps7_cortexa9_0'.
00:33:53 INFO  : 'configparams force-mem-access 0' command is executed.
00:33:53 INFO  : ----------------XSDB Script----------------
connect -url tcp:127.0.0.1:3121
source C:/Users/Derek/Desktop/Vivado/TLC_Project/TLC_Project.sdk/design_1_wrapper_hw_platform_0/ps7_init.tcl
targets -set -nocase -filter {name =~"APU*" && jtag_cable_name =~ "Digilent Arty Z7 003017A703B2A"} -index 0
loadhw -hw C:/Users/Derek/Desktop/Vivado/TLC_Project/TLC_Project.sdk/design_1_wrapper_hw_platform_0/system.hdf -mem-ranges [list {0x40000000 0xbfffffff}]
configparams force-mem-access 1
targets -set -nocase -filter {name =~"APU*" && jtag_cable_name =~ "Digilent Arty Z7 003017A703B2A"} -index 0
stop
ps7_init
ps7_post_config
targets -set -nocase -filter {name =~ "ARM*#0" && jtag_cable_name =~ "Digilent Arty Z7 003017A703B2A"} -index 0
rst -processor
targets -set -nocase -filter {name =~ "ARM*#0" && jtag_cable_name =~ "Digilent Arty Z7 003017A703B2A"} -index 0
dow C:/Users/Derek/Desktop/Vivado/TLC_Project/TLC_Project.sdk/main/Debug/main.elf
configparams force-mem-access 0
----------------End of Script----------------

00:33:53 INFO  : Context for processor 'ps7_cortexa9_0' is selected.
00:33:53 INFO  : 'con' command is executed.
00:33:53 INFO  : ----------------XSDB Script (After Launch)----------------
targets -set -nocase -filter {name =~ "ARM*#0" && jtag_cable_name =~ "Digilent Arty Z7 003017A703B2A"} -index 0
con
----------------End of Script----------------

00:33:53 INFO  : Disconnected from the channel tcfchan#11.
00:35:18 INFO  : 'targets -set -filter {jtag_cable_name =~ "Digilent Arty Z7 003017A703B2A" && level==0} -index 1' command is executed.
00:35:18 INFO  : 'fpga -state' command is executed.
00:35:18 INFO  : Connected to target on host '127.0.0.1' and port '3121'.
00:35:18 INFO  : Jtag cable 'Digilent Arty Z7 003017A703B2A' is selected.
00:35:18 INFO  : 'jtag frequency' command is executed.
00:35:18 INFO  : Sourcing of 'C:/Users/Derek/Desktop/Vivado/TLC_Project/TLC_Project.sdk/design_1_wrapper_hw_platform_0/ps7_init.tcl' is done.
00:35:18 INFO  : Context for 'APU' is selected.
00:35:20 INFO  : Hardware design information is loaded from 'C:/Users/Derek/Desktop/Vivado/TLC_Project/TLC_Project.sdk/design_1_wrapper_hw_platform_0/system.hdf'.
00:35:20 INFO  : 'configparams force-mem-access 1' command is executed.
00:35:20 INFO  : Context for 'APU' is selected.
00:35:20 INFO  : 'stop' command is executed.
00:35:21 INFO  : 'ps7_init' command is executed.
00:35:21 INFO  : 'ps7_post_config' command is executed.
00:35:21 INFO  : Context for processor 'ps7_cortexa9_0' is selected.
00:35:21 INFO  : Processor reset is completed for 'ps7_cortexa9_0'.
00:35:21 INFO  : Context for processor 'ps7_cortexa9_0' is selected.
00:35:22 INFO  : The application 'C:/Users/Derek/Desktop/Vivado/TLC_Project/TLC_Project.sdk/main/Debug/main.elf' is downloaded to processor 'ps7_cortexa9_0'.
00:35:22 INFO  : 'configparams force-mem-access 0' command is executed.
00:35:22 INFO  : ----------------XSDB Script----------------
connect -url tcp:127.0.0.1:3121
source C:/Users/Derek/Desktop/Vivado/TLC_Project/TLC_Project.sdk/design_1_wrapper_hw_platform_0/ps7_init.tcl
targets -set -nocase -filter {name =~"APU*" && jtag_cable_name =~ "Digilent Arty Z7 003017A703B2A"} -index 0
loadhw -hw C:/Users/Derek/Desktop/Vivado/TLC_Project/TLC_Project.sdk/design_1_wrapper_hw_platform_0/system.hdf -mem-ranges [list {0x40000000 0xbfffffff}]
configparams force-mem-access 1
targets -set -nocase -filter {name =~"APU*" && jtag_cable_name =~ "Digilent Arty Z7 003017A703B2A"} -index 0
stop
ps7_init
ps7_post_config
targets -set -nocase -filter {name =~ "ARM*#0" && jtag_cable_name =~ "Digilent Arty Z7 003017A703B2A"} -index 0
rst -processor
targets -set -nocase -filter {name =~ "ARM*#0" && jtag_cable_name =~ "Digilent Arty Z7 003017A703B2A"} -index 0
dow C:/Users/Derek/Desktop/Vivado/TLC_Project/TLC_Project.sdk/main/Debug/main.elf
configparams force-mem-access 0
----------------End of Script----------------

00:35:22 INFO  : Context for processor 'ps7_cortexa9_0' is selected.
00:35:22 INFO  : 'con' command is executed.
00:35:22 INFO  : ----------------XSDB Script (After Launch)----------------
targets -set -nocase -filter {name =~ "ARM*#0" && jtag_cable_name =~ "Digilent Arty Z7 003017A703B2A"} -index 0
con
----------------End of Script----------------

00:35:22 INFO  : Disconnected from the channel tcfchan#12.
00:35:45 INFO  : 'targets -set -filter {jtag_cable_name =~ "Digilent Arty Z7 003017A703B2A" && level==0} -index 1' command is executed.
00:35:45 INFO  : 'fpga -state' command is executed.
00:35:45 INFO  : Connected to target on host '127.0.0.1' and port '3121'.
00:35:46 INFO  : Jtag cable 'Digilent Arty Z7 003017A703B2A' is selected.
00:35:46 INFO  : 'jtag frequency' command is executed.
00:35:46 INFO  : Sourcing of 'C:/Users/Derek/Desktop/Vivado/TLC_Project/TLC_Project.sdk/design_1_wrapper_hw_platform_0/ps7_init.tcl' is done.
00:35:46 INFO  : Context for 'APU' is selected.
00:35:48 INFO  : Hardware design information is loaded from 'C:/Users/Derek/Desktop/Vivado/TLC_Project/TLC_Project.sdk/design_1_wrapper_hw_platform_0/system.hdf'.
00:35:48 INFO  : 'configparams force-mem-access 1' command is executed.
00:35:48 INFO  : Context for 'APU' is selected.
00:35:48 INFO  : 'stop' command is executed.
00:35:49 INFO  : 'ps7_init' command is executed.
00:35:49 INFO  : 'ps7_post_config' command is executed.
00:35:49 INFO  : Context for processor 'ps7_cortexa9_0' is selected.
00:35:49 INFO  : Processor reset is completed for 'ps7_cortexa9_0'.
00:35:49 INFO  : Context for processor 'ps7_cortexa9_0' is selected.
00:35:50 INFO  : The application 'C:/Users/Derek/Desktop/Vivado/TLC_Project/TLC_Project.sdk/main/Debug/main.elf' is downloaded to processor 'ps7_cortexa9_0'.
00:35:50 INFO  : 'configparams force-mem-access 0' command is executed.
00:35:50 INFO  : ----------------XSDB Script----------------
connect -url tcp:127.0.0.1:3121
source C:/Users/Derek/Desktop/Vivado/TLC_Project/TLC_Project.sdk/design_1_wrapper_hw_platform_0/ps7_init.tcl
targets -set -nocase -filter {name =~"APU*" && jtag_cable_name =~ "Digilent Arty Z7 003017A703B2A"} -index 0
loadhw -hw C:/Users/Derek/Desktop/Vivado/TLC_Project/TLC_Project.sdk/design_1_wrapper_hw_platform_0/system.hdf -mem-ranges [list {0x40000000 0xbfffffff}]
configparams force-mem-access 1
targets -set -nocase -filter {name =~"APU*" && jtag_cable_name =~ "Digilent Arty Z7 003017A703B2A"} -index 0
stop
ps7_init
ps7_post_config
targets -set -nocase -filter {name =~ "ARM*#0" && jtag_cable_name =~ "Digilent Arty Z7 003017A703B2A"} -index 0
rst -processor
targets -set -nocase -filter {name =~ "ARM*#0" && jtag_cable_name =~ "Digilent Arty Z7 003017A703B2A"} -index 0
dow C:/Users/Derek/Desktop/Vivado/TLC_Project/TLC_Project.sdk/main/Debug/main.elf
configparams force-mem-access 0
----------------End of Script----------------

00:35:50 INFO  : Context for processor 'ps7_cortexa9_0' is selected.
00:35:50 INFO  : 'con' command is executed.
00:35:50 INFO  : ----------------XSDB Script (After Launch)----------------
targets -set -nocase -filter {name =~ "ARM*#0" && jtag_cable_name =~ "Digilent Arty Z7 003017A703B2A"} -index 0
con
----------------End of Script----------------

00:35:50 INFO  : Disconnected from the channel tcfchan#13.
00:37:30 INFO  : 'targets -set -filter {jtag_cable_name =~ "Digilent Arty Z7 003017A703B2A" && level==0} -index 1' command is executed.
00:37:30 INFO  : 'fpga -state' command is executed.
00:37:30 INFO  : Connected to target on host '127.0.0.1' and port '3121'.
00:37:30 INFO  : Jtag cable 'Digilent Arty Z7 003017A703B2A' is selected.
00:37:30 INFO  : 'jtag frequency' command is executed.
00:37:30 INFO  : Sourcing of 'C:/Users/Derek/Desktop/Vivado/TLC_Project/TLC_Project.sdk/design_1_wrapper_hw_platform_0/ps7_init.tcl' is done.
00:37:30 INFO  : Context for 'APU' is selected.
00:37:32 INFO  : Hardware design information is loaded from 'C:/Users/Derek/Desktop/Vivado/TLC_Project/TLC_Project.sdk/design_1_wrapper_hw_platform_0/system.hdf'.
00:37:32 INFO  : 'configparams force-mem-access 1' command is executed.
00:37:32 INFO  : Context for 'APU' is selected.
00:37:32 INFO  : 'stop' command is executed.
00:37:33 INFO  : 'ps7_init' command is executed.
00:37:33 INFO  : 'ps7_post_config' command is executed.
00:37:33 INFO  : Context for processor 'ps7_cortexa9_0' is selected.
00:37:33 INFO  : Processor reset is completed for 'ps7_cortexa9_0'.
00:37:33 INFO  : Context for processor 'ps7_cortexa9_0' is selected.
00:37:34 INFO  : The application 'C:/Users/Derek/Desktop/Vivado/TLC_Project/TLC_Project.sdk/main/Debug/main.elf' is downloaded to processor 'ps7_cortexa9_0'.
00:37:34 INFO  : 'configparams force-mem-access 0' command is executed.
00:37:34 INFO  : ----------------XSDB Script----------------
connect -url tcp:127.0.0.1:3121
source C:/Users/Derek/Desktop/Vivado/TLC_Project/TLC_Project.sdk/design_1_wrapper_hw_platform_0/ps7_init.tcl
targets -set -nocase -filter {name =~"APU*" && jtag_cable_name =~ "Digilent Arty Z7 003017A703B2A"} -index 0
loadhw -hw C:/Users/Derek/Desktop/Vivado/TLC_Project/TLC_Project.sdk/design_1_wrapper_hw_platform_0/system.hdf -mem-ranges [list {0x40000000 0xbfffffff}]
configparams force-mem-access 1
targets -set -nocase -filter {name =~"APU*" && jtag_cable_name =~ "Digilent Arty Z7 003017A703B2A"} -index 0
stop
ps7_init
ps7_post_config
targets -set -nocase -filter {name =~ "ARM*#0" && jtag_cable_name =~ "Digilent Arty Z7 003017A703B2A"} -index 0
rst -processor
targets -set -nocase -filter {name =~ "ARM*#0" && jtag_cable_name =~ "Digilent Arty Z7 003017A703B2A"} -index 0
dow C:/Users/Derek/Desktop/Vivado/TLC_Project/TLC_Project.sdk/main/Debug/main.elf
configparams force-mem-access 0
----------------End of Script----------------

00:37:34 INFO  : Context for processor 'ps7_cortexa9_0' is selected.
00:37:34 INFO  : 'con' command is executed.
00:37:34 INFO  : ----------------XSDB Script (After Launch)----------------
targets -set -nocase -filter {name =~ "ARM*#0" && jtag_cable_name =~ "Digilent Arty Z7 003017A703B2A"} -index 0
con
----------------End of Script----------------

00:37:34 INFO  : Disconnected from the channel tcfchan#14.
00:39:33 INFO  : 'targets -set -filter {jtag_cable_name =~ "Digilent Arty Z7 003017A703B2A" && level==0} -index 1' command is executed.
00:39:33 INFO  : 'fpga -state' command is executed.
00:39:33 INFO  : Connected to target on host '127.0.0.1' and port '3121'.
00:39:34 INFO  : Jtag cable 'Digilent Arty Z7 003017A703B2A' is selected.
00:39:34 INFO  : 'jtag frequency' command is executed.
00:39:34 INFO  : Sourcing of 'C:/Users/Derek/Desktop/Vivado/TLC_Project/TLC_Project.sdk/design_1_wrapper_hw_platform_0/ps7_init.tcl' is done.
00:39:34 INFO  : Context for 'APU' is selected.
00:39:36 INFO  : Hardware design information is loaded from 'C:/Users/Derek/Desktop/Vivado/TLC_Project/TLC_Project.sdk/design_1_wrapper_hw_platform_0/system.hdf'.
00:39:36 INFO  : 'configparams force-mem-access 1' command is executed.
00:39:36 INFO  : Context for 'APU' is selected.
00:39:36 INFO  : 'stop' command is executed.
00:39:37 INFO  : 'ps7_init' command is executed.
00:39:37 INFO  : 'ps7_post_config' command is executed.
00:39:37 INFO  : Context for processor 'ps7_cortexa9_0' is selected.
00:39:37 INFO  : Processor reset is completed for 'ps7_cortexa9_0'.
00:39:37 INFO  : Context for processor 'ps7_cortexa9_0' is selected.
00:39:38 INFO  : The application 'C:/Users/Derek/Desktop/Vivado/TLC_Project/TLC_Project.sdk/main/Debug/main.elf' is downloaded to processor 'ps7_cortexa9_0'.
00:39:38 INFO  : 'configparams force-mem-access 0' command is executed.
00:39:38 INFO  : ----------------XSDB Script----------------
connect -url tcp:127.0.0.1:3121
source C:/Users/Derek/Desktop/Vivado/TLC_Project/TLC_Project.sdk/design_1_wrapper_hw_platform_0/ps7_init.tcl
targets -set -nocase -filter {name =~"APU*" && jtag_cable_name =~ "Digilent Arty Z7 003017A703B2A"} -index 0
loadhw -hw C:/Users/Derek/Desktop/Vivado/TLC_Project/TLC_Project.sdk/design_1_wrapper_hw_platform_0/system.hdf -mem-ranges [list {0x40000000 0xbfffffff}]
configparams force-mem-access 1
targets -set -nocase -filter {name =~"APU*" && jtag_cable_name =~ "Digilent Arty Z7 003017A703B2A"} -index 0
stop
ps7_init
ps7_post_config
targets -set -nocase -filter {name =~ "ARM*#0" && jtag_cable_name =~ "Digilent Arty Z7 003017A703B2A"} -index 0
rst -processor
targets -set -nocase -filter {name =~ "ARM*#0" && jtag_cable_name =~ "Digilent Arty Z7 003017A703B2A"} -index 0
dow C:/Users/Derek/Desktop/Vivado/TLC_Project/TLC_Project.sdk/main/Debug/main.elf
configparams force-mem-access 0
----------------End of Script----------------

00:39:38 INFO  : Context for processor 'ps7_cortexa9_0' is selected.
00:39:38 INFO  : 'con' command is executed.
00:39:38 INFO  : ----------------XSDB Script (After Launch)----------------
targets -set -nocase -filter {name =~ "ARM*#0" && jtag_cable_name =~ "Digilent Arty Z7 003017A703B2A"} -index 0
con
----------------End of Script----------------

00:39:38 INFO  : Disconnected from the channel tcfchan#15.
00:39:54 INFO  : 'targets -set -filter {jtag_cable_name =~ "Digilent Arty Z7 003017A703B2A" && level==0} -index 1' command is executed.
00:39:54 INFO  : 'fpga -state' command is executed.
00:39:54 INFO  : Connected to target on host '127.0.0.1' and port '3121'.
00:39:54 INFO  : Jtag cable 'Digilent Arty Z7 003017A703B2A' is selected.
00:39:54 INFO  : 'jtag frequency' command is executed.
00:39:54 INFO  : Sourcing of 'C:/Users/Derek/Desktop/Vivado/TLC_Project/TLC_Project.sdk/design_1_wrapper_hw_platform_0/ps7_init.tcl' is done.
00:39:54 INFO  : Context for 'APU' is selected.
00:39:56 INFO  : Hardware design information is loaded from 'C:/Users/Derek/Desktop/Vivado/TLC_Project/TLC_Project.sdk/design_1_wrapper_hw_platform_0/system.hdf'.
00:39:56 INFO  : 'configparams force-mem-access 1' command is executed.
00:39:56 INFO  : Context for 'APU' is selected.
00:39:56 INFO  : 'stop' command is executed.
00:39:57 INFO  : 'ps7_init' command is executed.
00:39:57 INFO  : 'ps7_post_config' command is executed.
00:39:57 INFO  : Context for processor 'ps7_cortexa9_0' is selected.
00:39:57 INFO  : Processor reset is completed for 'ps7_cortexa9_0'.
00:39:57 INFO  : Context for processor 'ps7_cortexa9_0' is selected.
00:39:58 INFO  : The application 'C:/Users/Derek/Desktop/Vivado/TLC_Project/TLC_Project.sdk/main/Debug/main.elf' is downloaded to processor 'ps7_cortexa9_0'.
00:39:58 INFO  : 'configparams force-mem-access 0' command is executed.
00:39:58 INFO  : ----------------XSDB Script----------------
connect -url tcp:127.0.0.1:3121
source C:/Users/Derek/Desktop/Vivado/TLC_Project/TLC_Project.sdk/design_1_wrapper_hw_platform_0/ps7_init.tcl
targets -set -nocase -filter {name =~"APU*" && jtag_cable_name =~ "Digilent Arty Z7 003017A703B2A"} -index 0
loadhw -hw C:/Users/Derek/Desktop/Vivado/TLC_Project/TLC_Project.sdk/design_1_wrapper_hw_platform_0/system.hdf -mem-ranges [list {0x40000000 0xbfffffff}]
configparams force-mem-access 1
targets -set -nocase -filter {name =~"APU*" && jtag_cable_name =~ "Digilent Arty Z7 003017A703B2A"} -index 0
stop
ps7_init
ps7_post_config
targets -set -nocase -filter {name =~ "ARM*#0" && jtag_cable_name =~ "Digilent Arty Z7 003017A703B2A"} -index 0
rst -processor
targets -set -nocase -filter {name =~ "ARM*#0" && jtag_cable_name =~ "Digilent Arty Z7 003017A703B2A"} -index 0
dow C:/Users/Derek/Desktop/Vivado/TLC_Project/TLC_Project.sdk/main/Debug/main.elf
configparams force-mem-access 0
----------------End of Script----------------

00:39:58 INFO  : Context for processor 'ps7_cortexa9_0' is selected.
00:39:58 INFO  : 'con' command is executed.
00:39:58 INFO  : ----------------XSDB Script (After Launch)----------------
targets -set -nocase -filter {name =~ "ARM*#0" && jtag_cable_name =~ "Digilent Arty Z7 003017A703B2A"} -index 0
con
----------------End of Script----------------

00:39:58 INFO  : Disconnected from the channel tcfchan#16.
00:40:26 INFO  : 'targets -set -filter {jtag_cable_name =~ "Digilent Arty Z7 003017A703B2A" && level==0} -index 1' command is executed.
00:40:26 INFO  : 'fpga -state' command is executed.
00:40:26 INFO  : Connected to target on host '127.0.0.1' and port '3121'.
00:40:26 INFO  : Jtag cable 'Digilent Arty Z7 003017A703B2A' is selected.
00:40:26 INFO  : 'jtag frequency' command is executed.
00:40:27 INFO  : Sourcing of 'C:/Users/Derek/Desktop/Vivado/TLC_Project/TLC_Project.sdk/design_1_wrapper_hw_platform_0/ps7_init.tcl' is done.
00:40:27 INFO  : Context for 'APU' is selected.
00:40:29 INFO  : Hardware design information is loaded from 'C:/Users/Derek/Desktop/Vivado/TLC_Project/TLC_Project.sdk/design_1_wrapper_hw_platform_0/system.hdf'.
00:40:29 INFO  : 'configparams force-mem-access 1' command is executed.
00:40:29 INFO  : Context for 'APU' is selected.
00:40:29 INFO  : 'stop' command is executed.
00:40:29 INFO  : 'ps7_init' command is executed.
00:40:29 INFO  : 'ps7_post_config' command is executed.
00:40:30 INFO  : Context for processor 'ps7_cortexa9_0' is selected.
00:40:30 INFO  : Processor reset is completed for 'ps7_cortexa9_0'.
00:40:30 INFO  : Context for processor 'ps7_cortexa9_0' is selected.
00:40:30 INFO  : The application 'C:/Users/Derek/Desktop/Vivado/TLC_Project/TLC_Project.sdk/main/Debug/main.elf' is downloaded to processor 'ps7_cortexa9_0'.
00:40:30 INFO  : 'configparams force-mem-access 0' command is executed.
00:40:30 INFO  : ----------------XSDB Script----------------
connect -url tcp:127.0.0.1:3121
source C:/Users/Derek/Desktop/Vivado/TLC_Project/TLC_Project.sdk/design_1_wrapper_hw_platform_0/ps7_init.tcl
targets -set -nocase -filter {name =~"APU*" && jtag_cable_name =~ "Digilent Arty Z7 003017A703B2A"} -index 0
loadhw -hw C:/Users/Derek/Desktop/Vivado/TLC_Project/TLC_Project.sdk/design_1_wrapper_hw_platform_0/system.hdf -mem-ranges [list {0x40000000 0xbfffffff}]
configparams force-mem-access 1
targets -set -nocase -filter {name =~"APU*" && jtag_cable_name =~ "Digilent Arty Z7 003017A703B2A"} -index 0
stop
ps7_init
ps7_post_config
targets -set -nocase -filter {name =~ "ARM*#0" && jtag_cable_name =~ "Digilent Arty Z7 003017A703B2A"} -index 0
rst -processor
targets -set -nocase -filter {name =~ "ARM*#0" && jtag_cable_name =~ "Digilent Arty Z7 003017A703B2A"} -index 0
dow C:/Users/Derek/Desktop/Vivado/TLC_Project/TLC_Project.sdk/main/Debug/main.elf
configparams force-mem-access 0
----------------End of Script----------------

00:40:30 INFO  : Context for processor 'ps7_cortexa9_0' is selected.
00:40:30 INFO  : 'con' command is executed.
00:40:30 INFO  : ----------------XSDB Script (After Launch)----------------
targets -set -nocase -filter {name =~ "ARM*#0" && jtag_cable_name =~ "Digilent Arty Z7 003017A703B2A"} -index 0
con
----------------End of Script----------------

00:40:30 INFO  : Disconnected from the channel tcfchan#17.
00:41:23 INFO  : Connected to target on host '127.0.0.1' and port '3121'.
00:41:25 INFO  : 'targets -set -filter {jtag_cable_name =~ "Digilent Arty Z7 003017A703B2A" && level==0} -index 1' command is executed.
00:41:27 INFO  : FPGA configured successfully with bitstream "C:/Users/Derek/Desktop/Vivado/TLC_Project/TLC_Project.sdk/design_1_wrapper_hw_platform_0/design_1_wrapper.bit"
00:41:54 INFO  : 'targets -set -filter {jtag_cable_name =~ "Digilent Arty Z7 003017A703B2A" && level==0} -index 1' command is executed.
00:41:54 INFO  : 'fpga -state' command is executed.
00:41:54 INFO  : Connected to target on host '127.0.0.1' and port '3121'.
00:41:54 INFO  : Jtag cable 'Digilent Arty Z7 003017A703B2A' is selected.
00:41:54 INFO  : 'jtag frequency' command is executed.
00:41:54 INFO  : Sourcing of 'C:/Users/Derek/Desktop/Vivado/TLC_Project/TLC_Project.sdk/design_1_wrapper_hw_platform_0/ps7_init.tcl' is done.
00:41:54 INFO  : Context for 'APU' is selected.
00:41:54 INFO  : Hardware design information is loaded from 'C:/Users/Derek/Desktop/Vivado/TLC_Project/TLC_Project.sdk/design_1_wrapper_hw_platform_0/system.hdf'.
00:41:54 INFO  : 'configparams force-mem-access 1' command is executed.
00:41:54 INFO  : Context for 'APU' is selected.
00:41:54 INFO  : 'stop' command is executed.
00:41:54 INFO  : 'ps7_init' command is executed.
00:41:54 INFO  : 'ps7_post_config' command is executed.
00:41:54 INFO  : Context for processor 'ps7_cortexa9_0' is selected.
00:41:54 INFO  : Processor reset is completed for 'ps7_cortexa9_0'.
00:41:54 INFO  : Context for processor 'ps7_cortexa9_0' is selected.
00:41:55 INFO  : The application 'C:/Users/Derek/Desktop/Vivado/TLC_Project/TLC_Project.sdk/main/Debug/main.elf' is downloaded to processor 'ps7_cortexa9_0'.
00:41:55 INFO  : 'configparams force-mem-access 0' command is executed.
00:41:55 INFO  : ----------------XSDB Script----------------
connect -url tcp:127.0.0.1:3121
source C:/Users/Derek/Desktop/Vivado/TLC_Project/TLC_Project.sdk/design_1_wrapper_hw_platform_0/ps7_init.tcl
targets -set -nocase -filter {name =~"APU*" && jtag_cable_name =~ "Digilent Arty Z7 003017A703B2A"} -index 0
loadhw -hw C:/Users/Derek/Desktop/Vivado/TLC_Project/TLC_Project.sdk/design_1_wrapper_hw_platform_0/system.hdf -mem-ranges [list {0x40000000 0xbfffffff}]
configparams force-mem-access 1
targets -set -nocase -filter {name =~"APU*" && jtag_cable_name =~ "Digilent Arty Z7 003017A703B2A"} -index 0
stop
ps7_init
ps7_post_config
targets -set -nocase -filter {name =~ "ARM*#0" && jtag_cable_name =~ "Digilent Arty Z7 003017A703B2A"} -index 0
rst -processor
targets -set -nocase -filter {name =~ "ARM*#0" && jtag_cable_name =~ "Digilent Arty Z7 003017A703B2A"} -index 0
dow C:/Users/Derek/Desktop/Vivado/TLC_Project/TLC_Project.sdk/main/Debug/main.elf
configparams force-mem-access 0
----------------End of Script----------------

00:41:55 INFO  : Context for processor 'ps7_cortexa9_0' is selected.
00:41:55 INFO  : 'con' command is executed.
00:41:55 INFO  : ----------------XSDB Script (After Launch)----------------
targets -set -nocase -filter {name =~ "ARM*#0" && jtag_cable_name =~ "Digilent Arty Z7 003017A703B2A"} -index 0
con
----------------End of Script----------------

00:41:55 INFO  : Disconnected from the channel tcfchan#18.
10:37:04 INFO  : Registering command handlers for SDK TCF services
10:37:05 INFO  : Launching XSCT server: xsct.bat -interactive C:\Users\Derek\Desktop\Vivado\TLC_Project\TLC_Project.sdk\temp_xsdb_launch_script.tcl
10:37:07 INFO  : XSCT server has started successfully.
10:37:07 INFO  : Successfully done setting XSCT server connection channel  
10:37:07 INFO  : Successfully done setting SDK workspace  
10:37:07 INFO  : Restoring local repository preferences: 
		 C:\Users\Derek\Desktop\Vivado\ip_repo\TLC5955_SINGLE
10:37:07 INFO  : Processing command line option -hwspec C:/Users/Derek/Desktop/Vivado/TLC_Project/TLC_Project.sdk/design_1_wrapper.hdf.
10:37:07 INFO  : Checking for hwspec changes in the project design_1_wrapper_hw_platform_0.
10:37:29 INFO  : Connected to target on host '127.0.0.1' and port '3121'.
10:37:31 INFO  : 'targets -set -filter {jtag_cable_name =~ "Digilent Arty Z7 003017A703B2A" && level==0} -index 1' command is executed.
10:37:33 INFO  : FPGA configured successfully with bitstream "C:/Users/Derek/Desktop/Vivado/TLC_Project/TLC_Project.sdk/design_1_wrapper_hw_platform_0/design_1_wrapper.bit"
10:37:44 INFO  : 'targets -set -filter {jtag_cable_name =~ "Digilent Arty Z7 003017A703B2A" && level==0} -index 1' command is executed.
10:37:44 INFO  : 'fpga -state' command is executed.
10:37:44 INFO  : Connected to target on host '127.0.0.1' and port '3121'.
10:37:44 INFO  : Jtag cable 'Digilent Arty Z7 003017A703B2A' is selected.
10:37:44 INFO  : 'jtag frequency' command is executed.
10:37:44 INFO  : Sourcing of 'C:/Users/Derek/Desktop/Vivado/TLC_Project/TLC_Project.sdk/design_1_wrapper_hw_platform_0/ps7_init.tcl' is done.
10:37:44 INFO  : Context for 'APU' is selected.
10:37:44 INFO  : Hardware design information is loaded from 'C:/Users/Derek/Desktop/Vivado/TLC_Project/TLC_Project.sdk/design_1_wrapper_hw_platform_0/system.hdf'.
10:37:44 INFO  : 'configparams force-mem-access 1' command is executed.
10:37:44 INFO  : Context for 'APU' is selected.
10:37:44 INFO  : 'stop' command is executed.
10:37:44 INFO  : 'ps7_init' command is executed.
10:37:44 INFO  : 'ps7_post_config' command is executed.
10:37:44 INFO  : Context for processor 'ps7_cortexa9_0' is selected.
10:37:45 INFO  : Processor reset is completed for 'ps7_cortexa9_0'.
10:37:45 INFO  : Context for processor 'ps7_cortexa9_0' is selected.
10:37:45 INFO  : The application 'C:/Users/Derek/Desktop/Vivado/TLC_Project/TLC_Project.sdk/main/Debug/main.elf' is downloaded to processor 'ps7_cortexa9_0'.
10:37:45 INFO  : 'configparams force-mem-access 0' command is executed.
10:37:45 INFO  : ----------------XSDB Script----------------
connect -url tcp:127.0.0.1:3121
source C:/Users/Derek/Desktop/Vivado/TLC_Project/TLC_Project.sdk/design_1_wrapper_hw_platform_0/ps7_init.tcl
targets -set -nocase -filter {name =~"APU*" && jtag_cable_name =~ "Digilent Arty Z7 003017A703B2A"} -index 0
loadhw -hw C:/Users/Derek/Desktop/Vivado/TLC_Project/TLC_Project.sdk/design_1_wrapper_hw_platform_0/system.hdf -mem-ranges [list {0x40000000 0xbfffffff}]
configparams force-mem-access 1
targets -set -nocase -filter {name =~"APU*" && jtag_cable_name =~ "Digilent Arty Z7 003017A703B2A"} -index 0
stop
ps7_init
ps7_post_config
targets -set -nocase -filter {name =~ "ARM*#0" && jtag_cable_name =~ "Digilent Arty Z7 003017A703B2A"} -index 0
rst -processor
targets -set -nocase -filter {name =~ "ARM*#0" && jtag_cable_name =~ "Digilent Arty Z7 003017A703B2A"} -index 0
dow C:/Users/Derek/Desktop/Vivado/TLC_Project/TLC_Project.sdk/main/Debug/main.elf
configparams force-mem-access 0
----------------End of Script----------------

10:37:45 INFO  : Memory regions updated for context APU
10:37:45 INFO  : Context for processor 'ps7_cortexa9_0' is selected.
10:37:45 INFO  : 'con' command is executed.
10:37:45 INFO  : ----------------XSDB Script (After Launch)----------------
targets -set -nocase -filter {name =~ "ARM*#0" && jtag_cable_name =~ "Digilent Arty Z7 003017A703B2A"} -index 0
con
----------------End of Script----------------

10:37:45 INFO  : Launch script is exported to file 'C:\Users\Derek\Desktop\Vivado\TLC_Project\TLC_Project.sdk\.sdk\launch_scripts\xilinx_c-c++_application_(system_debugger)\system_debugger_using_debug_main.elf_on_local.tcl'
11:16:48 INFO  : SDK has detected change in the last modified timestamps for source hardware specification file Source:1539537367287,  Project:1538373009985
11:16:48 INFO  : Project design_1_wrapper_hw_platform_0's source hardware specification located at C:/Users/Derek/Desktop/Vivado/TLC_Project/TLC_Project.sdk/design_1_wrapper.hdf is now different from the local copy.
		 The local copy will be replaced with the source specification and your workspace will be updated.
11:16:52 INFO  : Copied contents of C:/Users/Derek/Desktop/Vivado/TLC_Project/TLC_Project.sdk/design_1_wrapper.hdf into \design_1_wrapper_hw_platform_0\system.hdf.
11:16:55 INFO  : Synchronizing projects in the workspace with the hardware platform specification changes.
11:16:57 INFO  : 
11:16:58 INFO  : Updating hardware inferred compiler options for main.
11:16:58 INFO  : Clearing existing target manager status.
11:33:39 INFO  : Connected to target on host '127.0.0.1' and port '3121'.
11:33:39 INFO  : 'targets -set -filter {jtag_cable_name =~ "Digilent Arty Z7 003017A703B2A" && level==0} -index 1' command is executed.
11:33:41 INFO  : FPGA configured successfully with bitstream "C:/Users/Derek/Desktop/Vivado/TLC_Project/TLC_Project.sdk/design_1_wrapper_hw_platform_0/design_1_wrapper.bit"
11:33:47 INFO  : Disconnected from the channel tcfchan#1.
11:33:48 INFO  : 'targets -set -filter {jtag_cable_name =~ "Digilent Arty Z7 003017A703B2A" && level==0} -index 1' command is executed.
11:33:48 INFO  : 'fpga -state' command is executed.
11:33:48 INFO  : Connected to target on host '127.0.0.1' and port '3121'.
11:33:48 INFO  : Jtag cable 'Digilent Arty Z7 003017A703B2A' is selected.
11:33:48 INFO  : 'jtag frequency' command is executed.
11:33:48 INFO  : Sourcing of 'C:/Users/Derek/Desktop/Vivado/TLC_Project/TLC_Project.sdk/design_1_wrapper_hw_platform_0/ps7_init.tcl' is done.
11:33:48 INFO  : Context for 'APU' is selected.
11:33:49 INFO  : Hardware design information is loaded from 'C:/Users/Derek/Desktop/Vivado/TLC_Project/TLC_Project.sdk/design_1_wrapper_hw_platform_0/system.hdf'.
11:33:49 INFO  : 'configparams force-mem-access 1' command is executed.
11:33:49 INFO  : Context for 'APU' is selected.
11:33:49 INFO  : 'stop' command is executed.
11:33:49 INFO  : 'ps7_init' command is executed.
11:33:49 INFO  : 'ps7_post_config' command is executed.
11:33:49 INFO  : Context for processor 'ps7_cortexa9_0' is selected.
11:33:49 INFO  : Processor reset is completed for 'ps7_cortexa9_0'.
11:33:49 INFO  : Context for processor 'ps7_cortexa9_0' is selected.
11:33:49 INFO  : The application 'C:/Users/Derek/Desktop/Vivado/TLC_Project/TLC_Project.sdk/main/Debug/main.elf' is downloaded to processor 'ps7_cortexa9_0'.
11:33:49 INFO  : 'configparams force-mem-access 0' command is executed.
11:33:49 INFO  : ----------------XSDB Script----------------
connect -url tcp:127.0.0.1:3121
source C:/Users/Derek/Desktop/Vivado/TLC_Project/TLC_Project.sdk/design_1_wrapper_hw_platform_0/ps7_init.tcl
targets -set -nocase -filter {name =~"APU*" && jtag_cable_name =~ "Digilent Arty Z7 003017A703B2A"} -index 0
loadhw -hw C:/Users/Derek/Desktop/Vivado/TLC_Project/TLC_Project.sdk/design_1_wrapper_hw_platform_0/system.hdf -mem-ranges [list {0x40000000 0xbfffffff}]
configparams force-mem-access 1
targets -set -nocase -filter {name =~"APU*" && jtag_cable_name =~ "Digilent Arty Z7 003017A703B2A"} -index 0
stop
ps7_init
ps7_post_config
targets -set -nocase -filter {name =~ "ARM*#0" && jtag_cable_name =~ "Digilent Arty Z7 003017A703B2A"} -index 0
rst -processor
targets -set -nocase -filter {name =~ "ARM*#0" && jtag_cable_name =~ "Digilent Arty Z7 003017A703B2A"} -index 0
dow C:/Users/Derek/Desktop/Vivado/TLC_Project/TLC_Project.sdk/main/Debug/main.elf
configparams force-mem-access 0
----------------End of Script----------------

11:33:49 INFO  : Memory regions updated for context APU
11:33:49 INFO  : Context for processor 'ps7_cortexa9_0' is selected.
11:33:49 INFO  : 'con' command is executed.
11:33:49 INFO  : ----------------XSDB Script (After Launch)----------------
targets -set -nocase -filter {name =~ "ARM*#0" && jtag_cable_name =~ "Digilent Arty Z7 003017A703B2A"} -index 0
con
----------------End of Script----------------

11:33:49 INFO  : Launch script is exported to file 'C:\Users\Derek\Desktop\Vivado\TLC_Project\TLC_Project.sdk\.sdk\launch_scripts\xilinx_c-c++_application_(system_debugger)\system_debugger_using_debug_main.elf_on_local.tcl'
11:34:23 INFO  : Connected to target on host '127.0.0.1' and port '3121'.
11:34:23 INFO  : 'targets -set -filter {jtag_cable_name =~ "Digilent Arty Z7 003017A703B2A" && level==0} -index 1' command is executed.
11:34:25 INFO  : FPGA configured successfully with bitstream "C:/Users/Derek/Desktop/Vivado/TLC_Project/TLC_Project.sdk/design_1_wrapper_hw_platform_0/design_1_wrapper.bit"
11:34:33 INFO  : Disconnected from the channel tcfchan#2.
11:34:34 INFO  : 'targets -set -filter {jtag_cable_name =~ "Digilent Arty Z7 003017A703B2A" && level==0} -index 1' command is executed.
11:34:34 INFO  : 'fpga -state' command is executed.
11:34:34 INFO  : Connected to target on host '127.0.0.1' and port '3121'.
11:34:34 INFO  : Jtag cable 'Digilent Arty Z7 003017A703B2A' is selected.
11:34:34 INFO  : 'jtag frequency' command is executed.
11:34:34 INFO  : Sourcing of 'C:/Users/Derek/Desktop/Vivado/TLC_Project/TLC_Project.sdk/design_1_wrapper_hw_platform_0/ps7_init.tcl' is done.
11:34:34 INFO  : Context for 'APU' is selected.
11:34:35 INFO  : Hardware design information is loaded from 'C:/Users/Derek/Desktop/Vivado/TLC_Project/TLC_Project.sdk/design_1_wrapper_hw_platform_0/system.hdf'.
11:34:35 INFO  : 'configparams force-mem-access 1' command is executed.
11:34:35 INFO  : Context for 'APU' is selected.
11:34:35 INFO  : 'stop' command is executed.
11:34:36 INFO  : 'ps7_init' command is executed.
11:34:36 INFO  : 'ps7_post_config' command is executed.
11:34:36 INFO  : Context for processor 'ps7_cortexa9_0' is selected.
11:34:36 INFO  : Processor reset is completed for 'ps7_cortexa9_0'.
11:34:36 INFO  : Context for processor 'ps7_cortexa9_0' is selected.
11:34:36 INFO  : The application 'C:/Users/Derek/Desktop/Vivado/TLC_Project/TLC_Project.sdk/main/Debug/main.elf' is downloaded to processor 'ps7_cortexa9_0'.
11:34:36 INFO  : 'configparams force-mem-access 0' command is executed.
11:34:36 INFO  : ----------------XSDB Script----------------
connect -url tcp:127.0.0.1:3121
source C:/Users/Derek/Desktop/Vivado/TLC_Project/TLC_Project.sdk/design_1_wrapper_hw_platform_0/ps7_init.tcl
targets -set -nocase -filter {name =~"APU*" && jtag_cable_name =~ "Digilent Arty Z7 003017A703B2A"} -index 0
loadhw -hw C:/Users/Derek/Desktop/Vivado/TLC_Project/TLC_Project.sdk/design_1_wrapper_hw_platform_0/system.hdf -mem-ranges [list {0x40000000 0xbfffffff}]
configparams force-mem-access 1
targets -set -nocase -filter {name =~"APU*" && jtag_cable_name =~ "Digilent Arty Z7 003017A703B2A"} -index 0
stop
ps7_init
ps7_post_config
targets -set -nocase -filter {name =~ "ARM*#0" && jtag_cable_name =~ "Digilent Arty Z7 003017A703B2A"} -index 0
rst -processor
targets -set -nocase -filter {name =~ "ARM*#0" && jtag_cable_name =~ "Digilent Arty Z7 003017A703B2A"} -index 0
dow C:/Users/Derek/Desktop/Vivado/TLC_Project/TLC_Project.sdk/main/Debug/main.elf
configparams force-mem-access 0
----------------End of Script----------------

11:34:36 INFO  : Memory regions updated for context APU
11:34:36 INFO  : Context for processor 'ps7_cortexa9_0' is selected.
11:34:36 INFO  : 'con' command is executed.
11:34:36 INFO  : ----------------XSDB Script (After Launch)----------------
targets -set -nocase -filter {name =~ "ARM*#0" && jtag_cable_name =~ "Digilent Arty Z7 003017A703B2A"} -index 0
con
----------------End of Script----------------

11:34:36 INFO  : Launch script is exported to file 'C:\Users\Derek\Desktop\Vivado\TLC_Project\TLC_Project.sdk\.sdk\launch_scripts\xilinx_c-c++_application_(system_debugger)\system_debugger_using_debug_main.elf_on_local.tcl'
11:51:32 INFO  : SDK has detected change in the last modified timestamps for source hardware specification file Source:1539539448927,  Project:1539537367287
11:51:32 INFO  : Project design_1_wrapper_hw_platform_0's source hardware specification located at C:/Users/Derek/Desktop/Vivado/TLC_Project/TLC_Project.sdk/design_1_wrapper.hdf is now different from the local copy.
		 The local copy will be replaced with the source specification and your workspace will be updated.
11:51:33 INFO  : Copied contents of C:/Users/Derek/Desktop/Vivado/TLC_Project/TLC_Project.sdk/design_1_wrapper.hdf into \design_1_wrapper_hw_platform_0\system.hdf.
11:51:35 INFO  : Synchronizing projects in the workspace with the hardware platform specification changes.
11:51:37 INFO  : 
11:51:38 INFO  : Updating hardware inferred compiler options for main.
11:51:38 INFO  : Clearing existing target manager status.
11:51:58 INFO  : Connected to target on host '127.0.0.1' and port '3121'.
11:51:58 INFO  : 'targets -set -filter {jtag_cable_name =~ "Digilent Arty Z7 003017A703B2A" && level==0} -index 1' command is executed.
11:52:00 INFO  : FPGA configured successfully with bitstream "C:/Users/Derek/Desktop/Vivado/TLC_Project/TLC_Project.sdk/design_1_wrapper_hw_platform_0/design_1_wrapper.bit"
11:52:05 INFO  : Disconnected from the channel tcfchan#3.
11:52:06 INFO  : 'targets -set -filter {jtag_cable_name =~ "Digilent Arty Z7 003017A703B2A" && level==0} -index 1' command is executed.
11:52:06 INFO  : 'fpga -state' command is executed.
11:52:06 INFO  : Connected to target on host '127.0.0.1' and port '3121'.
11:52:06 INFO  : Jtag cable 'Digilent Arty Z7 003017A703B2A' is selected.
11:52:06 INFO  : 'jtag frequency' command is executed.
11:52:06 INFO  : Sourcing of 'C:/Users/Derek/Desktop/Vivado/TLC_Project/TLC_Project.sdk/design_1_wrapper_hw_platform_0/ps7_init.tcl' is done.
11:52:06 INFO  : Context for 'APU' is selected.
11:52:06 INFO  : Hardware design information is loaded from 'C:/Users/Derek/Desktop/Vivado/TLC_Project/TLC_Project.sdk/design_1_wrapper_hw_platform_0/system.hdf'.
11:52:06 INFO  : 'configparams force-mem-access 1' command is executed.
11:52:06 INFO  : Context for 'APU' is selected.
11:52:06 INFO  : 'stop' command is executed.
11:52:07 INFO  : 'ps7_init' command is executed.
11:52:07 INFO  : 'ps7_post_config' command is executed.
11:52:07 INFO  : Context for processor 'ps7_cortexa9_0' is selected.
11:52:07 INFO  : Processor reset is completed for 'ps7_cortexa9_0'.
11:52:07 INFO  : Context for processor 'ps7_cortexa9_0' is selected.
11:52:07 INFO  : The application 'C:/Users/Derek/Desktop/Vivado/TLC_Project/TLC_Project.sdk/main/Debug/main.elf' is downloaded to processor 'ps7_cortexa9_0'.
11:52:07 INFO  : 'configparams force-mem-access 0' command is executed.
11:52:07 INFO  : ----------------XSDB Script----------------
connect -url tcp:127.0.0.1:3121
source C:/Users/Derek/Desktop/Vivado/TLC_Project/TLC_Project.sdk/design_1_wrapper_hw_platform_0/ps7_init.tcl
targets -set -nocase -filter {name =~"APU*" && jtag_cable_name =~ "Digilent Arty Z7 003017A703B2A"} -index 0
loadhw -hw C:/Users/Derek/Desktop/Vivado/TLC_Project/TLC_Project.sdk/design_1_wrapper_hw_platform_0/system.hdf -mem-ranges [list {0x40000000 0xbfffffff}]
configparams force-mem-access 1
targets -set -nocase -filter {name =~"APU*" && jtag_cable_name =~ "Digilent Arty Z7 003017A703B2A"} -index 0
stop
ps7_init
ps7_post_config
targets -set -nocase -filter {name =~ "ARM*#0" && jtag_cable_name =~ "Digilent Arty Z7 003017A703B2A"} -index 0
rst -processor
targets -set -nocase -filter {name =~ "ARM*#0" && jtag_cable_name =~ "Digilent Arty Z7 003017A703B2A"} -index 0
dow C:/Users/Derek/Desktop/Vivado/TLC_Project/TLC_Project.sdk/main/Debug/main.elf
configparams force-mem-access 0
----------------End of Script----------------

11:52:07 INFO  : Memory regions updated for context APU
11:52:07 INFO  : Context for processor 'ps7_cortexa9_0' is selected.
11:52:07 INFO  : 'con' command is executed.
11:52:07 INFO  : ----------------XSDB Script (After Launch)----------------
targets -set -nocase -filter {name =~ "ARM*#0" && jtag_cable_name =~ "Digilent Arty Z7 003017A703B2A"} -index 0
con
----------------End of Script----------------

11:52:07 INFO  : Launch script is exported to file 'C:\Users\Derek\Desktop\Vivado\TLC_Project\TLC_Project.sdk\.sdk\launch_scripts\xilinx_c-c++_application_(system_debugger)\system_debugger_using_debug_main.elf_on_local.tcl'
12:15:37 INFO  : Disconnected from the channel tcfchan#4.
