Copyright 1986-2018 Xilinx, Inc. All Rights Reserved.
------------------------------------------------------------------------------------
| Tool Version : Vivado v.2018.2 (win64) Build 2258646 Thu Jun 14 20:03:12 MDT 2018
| Date         : Thu Nov  8 12:23:55 2018
| Host         : DESKTOP-PTNOPEH running 64-bit major release  (build 9200)
| Command      : upgrade_ip
| Device       : xc7z020clg400-1
------------------------------------------------------------------------------------

Upgrade Log for IP 'driver_block_design_sout_module_1_0'

1. Summary
----------

SUCCESS in the upgrade of driver_block_design_sout_module_1_0 (xilinx.com:user:sout_module:1.0) from (Rev. 2) to (Rev. 3)






Copyright 1986-2018 Xilinx, Inc. All Rights Reserved.
------------------------------------------------------------------------------------
| Tool Version : Vivado v.2018.2 (win64) Build 2258646 Thu Jun 14 20:03:12 MDT 2018
| Date         : Thu Nov  8 12:23:55 2018
| Host         : DESKTOP-PTNOPEH running 64-bit major release  (build 9200)
| Command      : upgrade_ip
| Device       : xc7z020clg400-1
------------------------------------------------------------------------------------

Upgrade Log for IP 'driver_block_design_sout_module_0_0'

1. Summary
----------

SUCCESS in the upgrade of driver_block_design_sout_module_0_0 (xilinx.com:user:sout_module:1.0) from (Rev. 2) to (Rev. 3)

