Copyright 1986-2018 Xilinx, Inc. All Rights Reserved.
------------------------------------------------------------------------------------
| Tool Version : Vivado v.2018.2 (win64) Build 2258646 Thu Jun 14 20:03:12 MDT 2018
| Date         : Sat Nov 10 11:20:53 2018
| Host         : DESKTOP-PTNOPEH running 64-bit major release  (build 9200)
| Command      : upgrade_ip
| Device       : xc7z020clg400-1
------------------------------------------------------------------------------------

Upgrade Log for IP 'VISION_driver_block_design_0_0'

1. Summary
----------

SUCCESS in the upgrade of VISION_driver_block_design_0_0 (xilinx.com:user:driver_block_design:1.0) from (Rev. 1) to (Rev. 2)






Copyright 1986-2018 Xilinx, Inc. All Rights Reserved.
------------------------------------------------------------------------------------
| Tool Version : Vivado v.2018.2 (win64) Build 2258646 Thu Jun 14 20:03:12 MDT 2018
| Date         : Sat Nov 10 11:17:20 2018
| Host         : DESKTOP-PTNOPEH running 64-bit major release  (build 9200)
| Command      : upgrade_ip
| Device       : xc7z020clg400-1
------------------------------------------------------------------------------------

Upgrade Log for IP 'VISION_driver_block_design_0_0'

1. Summary
----------

SUCCESS in the conversion of VISION_driver_block_design_0_0 (xilinx.com:user:driver_block_design:1.0 (Rev. 1)) to Vivado generation flows.

