INFO: [VRFC 10-2263] Analyzing Verilog file "C:/Users/TaySm/OneDrive/Documents/GitHub/Senior-Project-Vivado/driver_module/driver_module.ip_user_files/bd/driver_block_design/ipshared/5287/mean_machine_module.v" into library xil_defaultlib
INFO: [VRFC 10-311] analyzing module mean_machine_module
INFO: [VRFC 10-2263] Analyzing Verilog file "C:/Users/TaySm/OneDrive/Documents/GitHub/Senior-Project-Vivado/driver_module/driver_module.ip_user_files/bd/driver_block_design/ip/driver_block_design_mean_machine_module_0_0/sim/driver_block_design_mean_machine_module_0_0.v" into library xil_defaultlib
INFO: [VRFC 10-311] analyzing module driver_block_design_mean_machine_module_0_0
INFO: [VRFC 10-2263] Analyzing Verilog file "C:/Users/TaySm/OneDrive/Documents/GitHub/Senior-Project-Vivado/driver_module/driver_module.ip_user_files/bd/driver_block_design/ipshared/183e/sout_module.v" into library xil_defaultlib
INFO: [VRFC 10-311] analyzing module sout_module
INFO: [VRFC 10-2263] Analyzing Verilog file "C:/Users/TaySm/OneDrive/Documents/GitHub/Senior-Project-Vivado/driver_module/driver_module.ip_user_files/bd/driver_block_design/ip/driver_block_design_sout_module_0_0/sim/driver_block_design_sout_module_0_0.v" into library xil_defaultlib
INFO: [VRFC 10-311] analyzing module driver_block_design_sout_module_0_0
INFO: [VRFC 10-2263] Analyzing Verilog file "C:/Users/TaySm/OneDrive/Documents/GitHub/Senior-Project-Vivado/driver_module/driver_module.ip_user_files/bd/driver_block_design/ip/driver_block_design_sout_module_1_0/sim/driver_block_design_sout_module_1_0.v" into library xil_defaultlib
INFO: [VRFC 10-311] analyzing module driver_block_design_sout_module_1_0
INFO: [VRFC 10-2263] Analyzing Verilog file "C:/Users/TaySm/OneDrive/Documents/GitHub/Senior-Project-Vivado/driver_module/driver_module.ip_user_files/bd/driver_block_design/ip/driver_block_design_xlconstant_0_0/sim/driver_block_design_xlconstant_0_0.v" into library xil_defaultlib
INFO: [VRFC 10-311] analyzing module driver_block_design_xlconstant_0_0
INFO: [VRFC 10-2263] Analyzing Verilog file "C:/Users/TaySm/OneDrive/Documents/GitHub/Senior-Project-Vivado/driver_module/driver_module.ip_user_files/bd/driver_block_design/sim/driver_block_design.v" into library xil_defaultlib
INFO: [VRFC 10-311] analyzing module driver_block_design
INFO: [VRFC 10-2263] Analyzing Verilog file "C:/Users/TaySm/OneDrive/Documents/GitHub/Senior-Project-Vivado/Users/TaySm/OneDrive/Documents/GitHub/Senior-Project-Vivado/INTERRUPT_DRIVER/INTERRUPT_DRIVER.srcs/sources_1/new/interrupt.v" into library xil_defaultlib
INFO: [VRFC 10-311] analyzing module interrupt
INFO: [VRFC 10-2263] Analyzing Verilog file "C:/Users/TaySm/OneDrive/Documents/GitHub/Senior-Project-Vivado/driver_module/driver_module.ip_user_files/bd/driver_block_design/ip/driver_block_design_interrupt_0_0/sim/driver_block_design_interrupt_0_0.v" into library xil_defaultlib
INFO: [VRFC 10-311] analyzing module driver_block_design_interrupt_0_0
INFO: [VRFC 10-2263] Analyzing Verilog file "C:/Users/TaySm/OneDrive/Documents/GitHub/Senior-Project-Vivado/driver_module/driver_module.srcs/sim_1/new/driver_block_design_test.v" into library xil_defaultlib
INFO: [VRFC 10-311] analyzing module driver_block_design_test
