#-----------------------------------------------------------
# Vivado v2018.2 (64-bit)
# SW Build 2258646 on Thu Jun 14 20:03:12 MDT 2018
# IP Build 2256618 on Thu Jun 14 22:10:49 MDT 2018
# Start of session at: Sat Nov  3 18:02:45 2018
# Process ID: 4700
# Current directory: C:/Users/TaySm/OneDrive/Documents/GitHub/Senior-Project-Vivado/Sout_Module
# Command line: vivado.exe -gui_launcher_event rodinguilauncherevent1544 C:\Users\TaySm\OneDrive\Documents\GitHub\Senior-Project-Vivado\Sout_Module\Sout_Module.xpr
# Log file: C:/Users/TaySm/OneDrive/Documents/GitHub/Senior-Project-Vivado/Sout_Module/vivado.log
# Journal file: C:/Users/TaySm/OneDrive/Documents/GitHub/Senior-Project-Vivado/Sout_Module\vivado.jou
#-----------------------------------------------------------
start_gui
open_project C:/Users/TaySm/OneDrive/Documents/GitHub/Senior-Project-Vivado/Sout_Module/Sout_Module.xpr
Scanning sources...
Finished scanning sources
INFO: [IP_Flow 19-234] Refreshing IP repositories
INFO: [IP_Flow 19-1700] Loaded user IP repository 'c:/Users/TaySm/OneDrive/Documents/GitHub/Senior-Project-Vivado/Sout_Module/Sout_Module.srcs/sources_1/new'.
INFO: [IP_Flow 19-2313] Loaded Vivado IP repository 'C:/Xilinx/Vivado/2018.2/data/ip'.
open_project: Time (s): cpu = 00:00:16 ; elapsed = 00:00:13 . Memory (MB): peak = 783.012 ; gain = 70.660
update_compile_order -fileset sources_1
ipx::open_ipxact_file C:/Users/TaySm/OneDrive/Documents/GitHub/Senior-Project-Vivado/Sout_Module/Sout_Module.srcs/sources_1/new/component.xml
WARNING: [IP_Flow 19-5226] Project source file 'c:/Users/TaySm/OneDrive/Documents/GitHub/Senior-Project-Vivado/Sout_Module/Sout_Module.srcs/sources_1/new/component.xml' ignored by IP packager.
WARNING: [IP_Flow 19-4308] Project file 'c:/Users/TaySm/OneDrive/Documents/GitHub/Senior-Project-Vivado/Sout_Module/Sout_Module.srcs/sources_1/new/sout_module.v' is not found in the component files. It will be added automatically when merging sources and repackaging. Please remove the file from the source project if this is not desired.
WARNING: [IP_Flow 19-3898] File Group 'xilinx_anylanguagesynthesis (Synthesis)': File 'c:/Users/TaySm/OneDrive/Documents/GitHub/Senior-Project-Vivado/Sout_Module/Sout_Module.srcs/sources_1/new/sout_module.v' is not found in the project sources. It will be removed from the packaged IP when the sources are merged. If still required, please add this file to the project and re-package.
WARNING: [IP_Flow 19-4308] Project file 'c:/Users/TaySm/OneDrive/Documents/GitHub/Senior-Project-Vivado/Sout_Module/Sout_Module.srcs/sources_1/new/sout_module.v' is not found in the component files. It will be added automatically when merging sources and repackaging. Please remove the file from the source project if this is not desired.
WARNING: [IP_Flow 19-3898] File Group 'xilinx_anylanguagebehavioralsimulation (Simulation)': File 'c:/Users/TaySm/OneDrive/Documents/GitHub/Senior-Project-Vivado/Sout_Module/Sout_Module.srcs/sources_1/new/sout_module.v' is not found in the project sources. It will be removed from the packaged IP when the sources are merged. If still required, please add this file to the project and re-package.
WARNING: [IP_Flow 19-4308] Project file 'c:/Users/TaySm/OneDrive/Documents/GitHub/Senior-Project-Vivado/Sout_Module/Sout_Module.srcs/sim_1/new/sout_test.v' is not found in the component files. It will be added automatically when merging sources and repackaging. Please remove the file from the source project if this is not desired.
WARNING: [IP_Flow 19-3898] File Group 'xilinx_testbench (Test Bench)': File 'c:/Users/TaySm/OneDrive/Documents/GitHub/Senior-Project-Vivado/Sout_Module/Sout_Module.srcs/sim_1/new/sout_test.v' is not found in the project sources. It will be removed from the packaged IP when the sources are merged. If still required, please add this file to the project and re-package.
exit
INFO: [Common 17-206] Exiting Vivado at Sat Nov  3 18:06:30 2018...
