17:27:05 **** Incremental Build of configuration Debug for project VISION ****
make pre-build main-build 
a9-linaro-pre-build-step
' '
make: Nothing to be done for `main-build'.
17:27:42 **** Auto Build of configuration Debug for project VISION ****
make pre-build main-build 
a9-linaro-pre-build-step
' '
'Building file: ../src/helloworld.c'
'Invoking: ARM v7 gcc compiler'
arm-none-eabi-gcc -Wall -O0 -g3 -c -fmessage-length=0 -MT"src/helloworld.o" -mcpu=cortex-a9 -mfpu=vfpv3 -mfloat-abi=hard -I../../VISION_bsp/ps7_cortexa9_0/include -MMD -MP -MF"src/helloworld.d" -MT"src/helloworld.o" -o "src/helloworld.o" "../src/helloworld.c"
'Finished building: ../src/helloworld.c'
' '
'Building target: VISION.elf'
'Invoking: ARM v7 gcc linker'
arm-none-eabi-gcc -mcpu=cortex-a9 -mfpu=vfpv3 -mfloat-abi=hard -Wl,-build-id=none -specs=Xilinx.spec -Wl,-T -Wl,../src/lscript.ld -L../../VISION_bsp/ps7_cortexa9_0/lib -o "VISION.elf"  ./src/helloworld.o ./src/platform.o   -Wl,--start-group,-lxil,-lgcc,-lc,--end-group
'Finished building target: VISION.elf'
' '
'Invoking: ARM v7 Print Size'
arm-none-eabi-size VISION.elf  |tee "VISION.elf.size"
   text	   data	    bss	    dec	    hex	filename
  83236	   2624	  23712	 109572	  1ac04	VISION.elf
'Finished building: VISION.elf.size'
' '
17:28:35 **** Incremental Build of configuration Debug for project VISION ****
make pre-build main-build 
a9-linaro-pre-build-step
' '
make: Nothing to be done for `main-build'.
17:54:49 **** Auto Build of configuration Debug for project VISION ****
make pre-build main-build 
a9-linaro-pre-build-step
' '
'Building file: ../src/helloworld.c'
'Invoking: ARM v7 gcc compiler'
arm-none-eabi-gcc -Wall -O0 -g3 -c -fmessage-length=0 -MT"src/helloworld.o" -mcpu=cortex-a9 -mfpu=vfpv3 -mfloat-abi=hard -I../../VISION_bsp/ps7_cortexa9_0/include -MMD -MP -MF"src/helloworld.d" -MT"src/helloworld.o" -o "src/helloworld.o" "../src/helloworld.c"
'Finished building: ../src/helloworld.c'
' '
'Building target: VISION.elf'
'Invoking: ARM v7 gcc linker'
arm-none-eabi-gcc -mcpu=cortex-a9 -mfpu=vfpv3 -mfloat-abi=hard -Wl,-build-id=none -specs=Xilinx.spec -Wl,-T -Wl,../src/lscript.ld -L../../VISION_bsp/ps7_cortexa9_0/lib -o "VISION.elf"  ./src/helloworld.o ./src/platform.o   -Wl,--start-group,-lxil,-lgcc,-lc,--end-group
'Finished building target: VISION.elf'
' '
'Invoking: ARM v7 Print Size'
arm-none-eabi-size VISION.elf  |tee "VISION.elf.size"
   text	   data	    bss	    dec	    hex	filename
  83236	   2624	  23712	 109572	  1ac04	VISION.elf
'Finished building: VISION.elf.size'
' '
17:54:53 **** Incremental Build of configuration Debug for project VISION ****
make pre-build main-build 
a9-linaro-pre-build-step
' '
make: Nothing to be done for `main-build'.
17:55:07 **** Incremental Build of configuration Debug for project VISION ****
make pre-build main-build 
a9-linaro-pre-build-step
' '
make: Nothing to be done for `main-build'.
17:55:11 **** Incremental Build of configuration Debug for project VISION ****
make pre-build main-build 
a9-linaro-pre-build-step
' '
make: Nothing to be done for `main-build'.
17:55:55 **** Incremental Build of configuration Debug for project VISION ****
make pre-build main-build 
a9-linaro-pre-build-step
' '
make: Nothing to be done for `main-build'.
17:56:47 **** Auto Build of configuration Debug for project VISION ****
make pre-build main-build 
a9-linaro-pre-build-step
' '
'Building file: ../src/helloworld.c'
'Invoking: ARM v7 gcc compiler'
arm-none-eabi-gcc -Wall -O0 -g3 -c -fmessage-length=0 -MT"src/helloworld.o" -mcpu=cortex-a9 -mfpu=vfpv3 -mfloat-abi=hard -I../../VISION_bsp/ps7_cortexa9_0/include -MMD -MP -MF"src/helloworld.d" -MT"src/helloworld.o" -o "src/helloworld.o" "../src/helloworld.c"
'Finished building: ../src/helloworld.c'
' '
'Building target: VISION.elf'
'Invoking: ARM v7 gcc linker'
arm-none-eabi-gcc -mcpu=cortex-a9 -mfpu=vfpv3 -mfloat-abi=hard -Wl,-build-id=none -specs=Xilinx.spec -Wl,-T -Wl,../src/lscript.ld -L../../VISION_bsp/ps7_cortexa9_0/lib -o "VISION.elf"  ./src/helloworld.o ./src/platform.o   -Wl,--start-group,-lxil,-lgcc,-lc,--end-group
'Finished building target: VISION.elf'
' '
'Invoking: ARM v7 Print Size'
arm-none-eabi-size VISION.elf  |tee "VISION.elf.size"
   text	   data	    bss	    dec	    hex	filename
  83236	   2624	  23712	 109572	  1ac04	VISION.elf
'Finished building: VISION.elf.size'
' '
17:57:07 **** Incremental Build of configuration Debug for project VISION ****
make pre-build main-build 
a9-linaro-pre-build-step
' '
make: Nothing to be done for `main-build'.
17:58:28 **** Auto Build of configuration Debug for project VISION ****
make pre-build main-build 
a9-linaro-pre-build-step
' '
'Building file: ../src/helloworld.c'
'Invoking: ARM v7 gcc compiler'
arm-none-eabi-gcc -Wall -O0 -g3 -c -fmessage-length=0 -MT"src/helloworld.o" -mcpu=cortex-a9 -mfpu=vfpv3 -mfloat-abi=hard -I../../VISION_bsp/ps7_cortexa9_0/include -MMD -MP -MF"src/helloworld.d" -MT"src/helloworld.o" -o "src/helloworld.o" "../src/helloworld.c"
'Finished building: ../src/helloworld.c'
' '
'Building target: VISION.elf'
'Invoking: ARM v7 gcc linker'
arm-none-eabi-gcc -mcpu=cortex-a9 -mfpu=vfpv3 -mfloat-abi=hard -Wl,-build-id=none -specs=Xilinx.spec -Wl,-T -Wl,../src/lscript.ld -L../../VISION_bsp/ps7_cortexa9_0/lib -o "VISION.elf"  ./src/helloworld.o ./src/platform.o   -Wl,--start-group,-lxil,-lgcc,-lc,--end-group
'Finished building target: VISION.elf'
' '
'Invoking: ARM v7 Print Size'
arm-none-eabi-size VISION.elf  |tee "VISION.elf.size"
   text	   data	    bss	    dec	    hex	filename
  83236	   2624	  23712	 109572	  1ac04	VISION.elf
'Finished building: VISION.elf.size'
' '
17:58:52 **** Incremental Build of configuration Debug for project VISION ****
make pre-build main-build 
a9-linaro-pre-build-step
' '
make: Nothing to be done for `main-build'.
18:12:44 **** Incremental Build of configuration Debug for project VISION ****
make pre-build main-build 
a9-linaro-pre-build-step
' '
make: Nothing to be done for `main-build'.
19:54:23 **** Incremental Build of configuration Debug for project VISION ****
make pre-build main-build 
a9-linaro-pre-build-step
' '
make: Nothing to be done for `main-build'.
19:56:22 **** Auto Build of configuration Debug for project VISION ****
make pre-build main-build 
a9-linaro-pre-build-step
' '
'Building file: ../src/helloworld.c'
'Invoking: ARM v7 gcc compiler'
arm-none-eabi-gcc -Wall -O0 -g3 -c -fmessage-length=0 -MT"src/helloworld.o" -mcpu=cortex-a9 -mfpu=vfpv3 -mfloat-abi=hard -I../../VISION_bsp/ps7_cortexa9_0/include -MMD -MP -MF"src/helloworld.d" -MT"src/helloworld.o" -o "src/helloworld.o" "../src/helloworld.c"
'Finished building: ../src/helloworld.c'
' '
'Building target: VISION.elf'
'Invoking: ARM v7 gcc linker'
arm-none-eabi-gcc -mcpu=cortex-a9 -mfpu=vfpv3 -mfloat-abi=hard -Wl,-build-id=none -specs=Xilinx.spec -Wl,-T -Wl,../src/lscript.ld -L../../VISION_bsp/ps7_cortexa9_0/lib -o "VISION.elf"  ./src/helloworld.o ./src/platform.o   -Wl,--start-group,-lxil,-lgcc,-lc,--end-group
'Finished building target: VISION.elf'
' '
'Invoking: ARM v7 Print Size'
arm-none-eabi-size VISION.elf  |tee "VISION.elf.size"
   text	   data	    bss	    dec	    hex	filename
  83220	   2624	  23712	 109556	  1abf4	VISION.elf
'Finished building: VISION.elf.size'
' '
19:57:26 **** Auto Build of configuration Debug for project VISION ****
make pre-build main-build 
a9-linaro-pre-build-step
' '
'Building file: ../src/helloworld.c'
'Invoking: ARM v7 gcc compiler'
arm-none-eabi-gcc -Wall -O0 -g3 -c -fmessage-length=0 -MT"src/helloworld.o" -mcpu=cortex-a9 -mfpu=vfpv3 -mfloat-abi=hard -I../../VISION_bsp/ps7_cortexa9_0/include -MMD -MP -MF"src/helloworld.d" -MT"src/helloworld.o" -o "src/helloworld.o" "../src/helloworld.c"
'Finished building: ../src/helloworld.c'
' '
'Building target: VISION.elf'
'Invoking: ARM v7 gcc linker'
arm-none-eabi-gcc -mcpu=cortex-a9 -mfpu=vfpv3 -mfloat-abi=hard -Wl,-build-id=none -specs=Xilinx.spec -Wl,-T -Wl,../src/lscript.ld -L../../VISION_bsp/ps7_cortexa9_0/lib -o "VISION.elf"  ./src/helloworld.o ./src/platform.o   -Wl,--start-group,-lxil,-lgcc,-lc,--end-group
'Finished building target: VISION.elf'
' '
'Invoking: ARM v7 Print Size'
arm-none-eabi-size VISION.elf  |tee "VISION.elf.size"
   text	   data	    bss	    dec	    hex	filename
  83220	   2624	  23712	 109556	  1abf4	VISION.elf
'Finished building: VISION.elf.size'
' '
19:57:39 **** Incremental Build of configuration Debug for project VISION ****
make pre-build main-build 
a9-linaro-pre-build-step
' '
make: Nothing to be done for `main-build'.
19:58:38 **** Auto Build of configuration Debug for project VISION ****
make pre-build main-build 
a9-linaro-pre-build-step
' '
'Building file: ../src/helloworld.c'
'Invoking: ARM v7 gcc compiler'
arm-none-eabi-gcc -Wall -O0 -g3 -c -fmessage-length=0 -MT"src/helloworld.o" -mcpu=cortex-a9 -mfpu=vfpv3 -mfloat-abi=hard -I../../VISION_bsp/ps7_cortexa9_0/include -MMD -MP -MF"src/helloworld.d" -MT"src/helloworld.o" -o "src/helloworld.o" "../src/helloworld.c"
../src/helloworld.c: In function 'main':
../src/helloworld.c:86:11: warning: variable 'pixel_white' set but not used [-Wunused-but-set-variable]
     Pixel pixel_white;
           ^~~~~~~~~~~
'Finished building: ../src/helloworld.c'
' '
'Building target: VISION.elf'
'Invoking: ARM v7 gcc linker'
arm-none-eabi-gcc -mcpu=cortex-a9 -mfpu=vfpv3 -mfloat-abi=hard -Wl,-build-id=none -specs=Xilinx.spec -Wl,-T -Wl,../src/lscript.ld -L../../VISION_bsp/ps7_cortexa9_0/lib -o "VISION.elf"  ./src/helloworld.o ./src/platform.o   -Wl,--start-group,-lxil,-lgcc,-lc,--end-group
'Finished building target: VISION.elf'
' '
'Invoking: ARM v7 Print Size'
arm-none-eabi-size VISION.elf  |tee "VISION.elf.size"
   text	   data	    bss	    dec	    hex	filename
  83156	   2624	  23712	 109492	  1abb4	VISION.elf
'Finished building: VISION.elf.size'
' '
19:58:52 **** Incremental Build of configuration Debug for project VISION ****
make pre-build main-build 
a9-linaro-pre-build-step
' '
make: Nothing to be done for `main-build'.
19:59:42 **** Auto Build of configuration Debug for project VISION ****
make pre-build main-build 
a9-linaro-pre-build-step
' '
'Building file: ../src/helloworld.c'
'Invoking: ARM v7 gcc compiler'
arm-none-eabi-gcc -Wall -O0 -g3 -c -fmessage-length=0 -MT"src/helloworld.o" -mcpu=cortex-a9 -mfpu=vfpv3 -mfloat-abi=hard -I../../VISION_bsp/ps7_cortexa9_0/include -MMD -MP -MF"src/helloworld.d" -MT"src/helloworld.o" -o "src/helloworld.o" "../src/helloworld.c"
'Finished building: ../src/helloworld.c'
' '
'Building target: VISION.elf'
'Invoking: ARM v7 gcc linker'
arm-none-eabi-gcc -mcpu=cortex-a9 -mfpu=vfpv3 -mfloat-abi=hard -Wl,-build-id=none -specs=Xilinx.spec -Wl,-T -Wl,../src/lscript.ld -L../../VISION_bsp/ps7_cortexa9_0/lib -o "VISION.elf"  ./src/helloworld.o ./src/platform.o   -Wl,--start-group,-lxil,-lgcc,-lc,--end-group
'Finished building target: VISION.elf'
' '
'Invoking: ARM v7 Print Size'
arm-none-eabi-size VISION.elf  |tee "VISION.elf.size"
   text	   data	    bss	    dec	    hex	filename
  83220	   2624	  23712	 109556	  1abf4	VISION.elf
'Finished building: VISION.elf.size'
' '
19:59:46 **** Incremental Build of configuration Debug for project VISION ****
make pre-build main-build 
a9-linaro-pre-build-step
' '
make: Nothing to be done for `main-build'.
20:00:27 **** Auto Build of configuration Debug for project VISION ****
make pre-build main-build 
a9-linaro-pre-build-step
' '
'Building file: ../src/helloworld.c'
'Invoking: ARM v7 gcc compiler'
arm-none-eabi-gcc -Wall -O0 -g3 -c -fmessage-length=0 -MT"src/helloworld.o" -mcpu=cortex-a9 -mfpu=vfpv3 -mfloat-abi=hard -I../../VISION_bsp/ps7_cortexa9_0/include -MMD -MP -MF"src/helloworld.d" -MT"src/helloworld.o" -o "src/helloworld.o" "../src/helloworld.c"
../src/helloworld.c: In function 'main':
../src/helloworld.c:86:11: warning: variable 'pixel_white' set but not used [-Wunused-but-set-variable]
     Pixel pixel_white;
           ^~~~~~~~~~~
'Finished building: ../src/helloworld.c'
' '
'Building target: VISION.elf'
'Invoking: ARM v7 gcc linker'
arm-none-eabi-gcc -mcpu=cortex-a9 -mfpu=vfpv3 -mfloat-abi=hard -Wl,-build-id=none -specs=Xilinx.spec -Wl,-T -Wl,../src/lscript.ld -L../../VISION_bsp/ps7_cortexa9_0/lib -o "VISION.elf"  ./src/helloworld.o ./src/platform.o   -Wl,--start-group,-lxil,-lgcc,-lc,--end-group
'Finished building target: VISION.elf'
' '
'Invoking: ARM v7 Print Size'
arm-none-eabi-size VISION.elf  |tee "VISION.elf.size"
   text	   data	    bss	    dec	    hex	filename
  83156	   2624	  23712	 109492	  1abb4	VISION.elf
'Finished building: VISION.elf.size'
' '
20:00:38 **** Incremental Build of configuration Debug for project VISION ****
make pre-build main-build 
a9-linaro-pre-build-step
' '
make: Nothing to be done for `main-build'.
20:00:51 **** Auto Build of configuration Debug for project VISION ****
make pre-build main-build 
a9-linaro-pre-build-step
' '
'Building file: ../src/helloworld.c'
'Invoking: ARM v7 gcc compiler'
arm-none-eabi-gcc -Wall -O0 -g3 -c -fmessage-length=0 -MT"src/helloworld.o" -mcpu=cortex-a9 -mfpu=vfpv3 -mfloat-abi=hard -I../../VISION_bsp/ps7_cortexa9_0/include -MMD -MP -MF"src/helloworld.d" -MT"src/helloworld.o" -o "src/helloworld.o" "../src/helloworld.c"
'Finished building: ../src/helloworld.c'
' '
'Building target: VISION.elf'
'Invoking: ARM v7 gcc linker'
arm-none-eabi-gcc -mcpu=cortex-a9 -mfpu=vfpv3 -mfloat-abi=hard -Wl,-build-id=none -specs=Xilinx.spec -Wl,-T -Wl,../src/lscript.ld -L../../VISION_bsp/ps7_cortexa9_0/lib -o "VISION.elf"  ./src/helloworld.o ./src/platform.o   -Wl,--start-group,-lxil,-lgcc,-lc,--end-group
'Finished building target: VISION.elf'
' '
'Invoking: ARM v7 Print Size'
arm-none-eabi-size VISION.elf  |tee "VISION.elf.size"
   text	   data	    bss	    dec	    hex	filename
  83220	   2624	  23712	 109556	  1abf4	VISION.elf
'Finished building: VISION.elf.size'
' '
20:00:57 **** Incremental Build of configuration Debug for project VISION ****
make pre-build main-build 
a9-linaro-pre-build-step
' '
make: Nothing to be done for `main-build'.
20:01:29 **** Incremental Build of configuration Debug for project VISION ****
make pre-build main-build 
a9-linaro-pre-build-step
' '
make: Nothing to be done for `main-build'.
20:02:17 **** Auto Build of configuration Debug for project VISION ****
make pre-build main-build 
a9-linaro-pre-build-step
' '
'Building file: ../src/helloworld.c'
'Invoking: ARM v7 gcc compiler'
arm-none-eabi-gcc -Wall -O0 -g3 -c -fmessage-length=0 -MT"src/helloworld.o" -mcpu=cortex-a9 -mfpu=vfpv3 -mfloat-abi=hard -I../../VISION_bsp/ps7_cortexa9_0/include -MMD -MP -MF"src/helloworld.d" -MT"src/helloworld.o" -o "src/helloworld.o" "../src/helloworld.c"
'Finished building: ../src/helloworld.c'
' '
'Building target: VISION.elf'
'Invoking: ARM v7 gcc linker'
arm-none-eabi-gcc -mcpu=cortex-a9 -mfpu=vfpv3 -mfloat-abi=hard -Wl,-build-id=none -specs=Xilinx.spec -Wl,-T -Wl,../src/lscript.ld -L../../VISION_bsp/ps7_cortexa9_0/lib -o "VISION.elf"  ./src/helloworld.o ./src/platform.o   -Wl,--start-group,-lxil,-lgcc,-lc,--end-group
'Finished building target: VISION.elf'
' '
'Invoking: ARM v7 Print Size'
arm-none-eabi-size VISION.elf  |tee "VISION.elf.size"
   text	   data	    bss	    dec	    hex	filename
  83220	   2624	  23712	 109556	  1abf4	VISION.elf
'Finished building: VISION.elf.size'
' '
20:02:20 **** Incremental Build of configuration Debug for project VISION ****
make pre-build main-build 
a9-linaro-pre-build-step
' '
make: Nothing to be done for `main-build'.
20:03:07 **** Incremental Build of configuration Debug for project VISION ****
make pre-build main-build 
a9-linaro-pre-build-step
' '
'Building file: ../src/helloworld.c'
'Invoking: ARM v7 gcc compiler'
arm-none-eabi-gcc -Wall -O0 -g3 -c -fmessage-length=0 -MT"src/helloworld.o" -mcpu=cortex-a9 -mfpu=vfpv3 -mfloat-abi=hard -I../../VISION_bsp/ps7_cortexa9_0/include -MMD -MP -MF"src/helloworld.d" -MT"src/helloworld.o" -o "src/helloworld.o" "../src/helloworld.c"
'Finished building: ../src/helloworld.c'
' '
'Building target: VISION.elf'
'Invoking: ARM v7 gcc linker'
arm-none-eabi-gcc -mcpu=cortex-a9 -mfpu=vfpv3 -mfloat-abi=hard -Wl,-build-id=none -specs=Xilinx.spec -Wl,-T -Wl,../src/lscript.ld -L../../VISION_bsp/ps7_cortexa9_0/lib -o "VISION.elf"  ./src/helloworld.o ./src/platform.o   -Wl,--start-group,-lxil,-lgcc,-lc,--end-group
'Finished building target: VISION.elf'
' '
'Invoking: ARM v7 Print Size'
arm-none-eabi-size VISION.elf  |tee "VISION.elf.size"
   text	   data	    bss	    dec	    hex	filename
  83220	   2624	  23712	 109556	  1abf4	VISION.elf
'Finished building: VISION.elf.size'
' '
20:04:46 **** Auto Build of configuration Debug for project VISION ****
make pre-build main-build 
a9-linaro-pre-build-step
' '
'Building file: ../src/helloworld.c'
'Invoking: ARM v7 gcc compiler'
arm-none-eabi-gcc -Wall -O0 -g3 -c -fmessage-length=0 -MT"src/helloworld.o" -mcpu=cortex-a9 -mfpu=vfpv3 -mfloat-abi=hard -I../../VISION_bsp/ps7_cortexa9_0/include -MMD -MP -MF"src/helloworld.d" -MT"src/helloworld.o" -o "src/helloworld.o" "../src/helloworld.c"
'Finished building: ../src/helloworld.c'
' '
'Building target: VISION.elf'
'Invoking: ARM v7 gcc linker'
arm-none-eabi-gcc -mcpu=cortex-a9 -mfpu=vfpv3 -mfloat-abi=hard -Wl,-build-id=none -specs=Xilinx.spec -Wl,-T -Wl,../src/lscript.ld -L../../VISION_bsp/ps7_cortexa9_0/lib -o "VISION.elf"  ./src/helloworld.o ./src/platform.o   -Wl,--start-group,-lxil,-lgcc,-lc,--end-group
'Finished building target: VISION.elf'
' '
'Invoking: ARM v7 Print Size'
arm-none-eabi-size VISION.elf  |tee "VISION.elf.size"
   text	   data	    bss	    dec	    hex	filename
  83220	   2624	  23712	 109556	  1abf4	VISION.elf
'Finished building: VISION.elf.size'
' '
20:04:49 **** Incremental Build of configuration Debug for project VISION ****
make pre-build main-build 
a9-linaro-pre-build-step
' '
make: Nothing to be done for `main-build'.
20:21:42 **** Incremental Build of configuration Debug for project VISION ****
make pre-build main-build 
a9-linaro-pre-build-step
' '
make: Nothing to be done for `main-build'.
20:22:29 **** Incremental Build of configuration Debug for project VISION ****
make pre-build main-build 
a9-linaro-pre-build-step
' '
make: Nothing to be done for `main-build'.
20:43:19 **** Incremental Build of configuration Debug for project VISION ****
make pre-build main-build 
a9-linaro-pre-build-step
' '
make: Nothing to be done for `main-build'.
20:47:01 **** Auto Build of configuration Debug for project VISION ****
make pre-build main-build 
a9-linaro-pre-build-step
' '
'Building file: ../src/helloworld.c'
'Invoking: ARM v7 gcc compiler'
arm-none-eabi-gcc -Wall -O0 -g3 -c -fmessage-length=0 -MT"src/helloworld.o" -mcpu=cortex-a9 -mfpu=vfpv3 -mfloat-abi=hard -I../../VISION_bsp/ps7_cortexa9_0/include -MMD -MP -MF"src/helloworld.d" -MT"src/helloworld.o" -o "src/helloworld.o" "../src/helloworld.c"
'Finished building: ../src/helloworld.c'
' '
'Building target: VISION.elf'
'Invoking: ARM v7 gcc linker'
arm-none-eabi-gcc -mcpu=cortex-a9 -mfpu=vfpv3 -mfloat-abi=hard -Wl,-build-id=none -specs=Xilinx.spec -Wl,-T -Wl,../src/lscript.ld -L../../VISION_bsp/ps7_cortexa9_0/lib -o "VISION.elf"  ./src/helloworld.o ./src/platform.o   -Wl,--start-group,-lxil,-lgcc,-lc,--end-group
'Finished building target: VISION.elf'
' '
'Invoking: ARM v7 Print Size'
arm-none-eabi-size VISION.elf  |tee "VISION.elf.size"
   text	   data	    bss	    dec	    hex	filename
  83220	   2624	  23712	 109556	  1abf4	VISION.elf
'Finished building: VISION.elf.size'
' '
20:47:19 **** Incremental Build of configuration Debug for project VISION ****
make pre-build main-build 
a9-linaro-pre-build-step
' '
make: Nothing to be done for `main-build'.
20:49:04 **** Incremental Build of configuration Debug for project VISION ****
make pre-build main-build 
a9-linaro-pre-build-step
' '
make: Nothing to be done for `main-build'.
20:51:23 **** Auto Build of configuration Debug for project VISION ****
make pre-build main-build 
a9-linaro-pre-build-step
' '
'Building file: ../src/helloworld.c'
'Invoking: ARM v7 gcc compiler'
arm-none-eabi-gcc -Wall -O0 -g3 -c -fmessage-length=0 -MT"src/helloworld.o" -mcpu=cortex-a9 -mfpu=vfpv3 -mfloat-abi=hard -I../../VISION_bsp/ps7_cortexa9_0/include -MMD -MP -MF"src/helloworld.d" -MT"src/helloworld.o" -o "src/helloworld.o" "../src/helloworld.c"
'Finished building: ../src/helloworld.c'
' '
'Building target: VISION.elf'
'Invoking: ARM v7 gcc linker'
arm-none-eabi-gcc -mcpu=cortex-a9 -mfpu=vfpv3 -mfloat-abi=hard -Wl,-build-id=none -specs=Xilinx.spec -Wl,-T -Wl,../src/lscript.ld -L../../VISION_bsp/ps7_cortexa9_0/lib -o "VISION.elf"  ./src/helloworld.o ./src/platform.o   -Wl,--start-group,-lxil,-lgcc,-lc,--end-group
'Finished building target: VISION.elf'
' '
'Invoking: ARM v7 Print Size'
arm-none-eabi-size VISION.elf  |tee "VISION.elf.size"
   text	   data	    bss	    dec	    hex	filename
  83156	   2624	  23712	 109492	  1abb4	VISION.elf
'Finished building: VISION.elf.size'
' '
20:51:46 **** Incremental Build of configuration Debug for project VISION ****
make pre-build main-build 
a9-linaro-pre-build-step
' '
make: Nothing to be done for `main-build'.
20:55:55 **** Incremental Build of configuration Debug for project VISION ****
make pre-build main-build 
a9-linaro-pre-build-step
' '
make: Nothing to be done for `main-build'.
20:56:30 **** Incremental Build of configuration Debug for project VISION ****
make pre-build main-build 
a9-linaro-pre-build-step
' '
make: Nothing to be done for `main-build'.
20:59:16 **** Incremental Build of configuration Debug for project VISION ****
make pre-build main-build 
a9-linaro-pre-build-step
' '
make: Nothing to be done for `main-build'.
21:02:33 **** Auto Build of configuration Debug for project VISION ****
make pre-build main-build 
a9-linaro-pre-build-step
' '
'Building file: ../src/helloworld.c'
'Invoking: ARM v7 gcc compiler'
arm-none-eabi-gcc -Wall -O0 -g3 -c -fmessage-length=0 -MT"src/helloworld.o" -mcpu=cortex-a9 -mfpu=vfpv3 -mfloat-abi=hard -I../../VISION_bsp/ps7_cortexa9_0/include -MMD -MP -MF"src/helloworld.d" -MT"src/helloworld.o" -o "src/helloworld.o" "../src/helloworld.c"
'Finished building: ../src/helloworld.c'
' '
'Building target: VISION.elf'
'Invoking: ARM v7 gcc linker'
arm-none-eabi-gcc -mcpu=cortex-a9 -mfpu=vfpv3 -mfloat-abi=hard -Wl,-build-id=none -specs=Xilinx.spec -Wl,-T -Wl,../src/lscript.ld -L../../VISION_bsp/ps7_cortexa9_0/lib -o "VISION.elf"  ./src/helloworld.o ./src/platform.o   -Wl,--start-group,-lxil,-lgcc,-lc,--end-group
'Finished building target: VISION.elf'
' '
'Invoking: ARM v7 Print Size'
arm-none-eabi-size VISION.elf  |tee "VISION.elf.size"
   text	   data	    bss	    dec	    hex	filename
  83284	   2624	  23712	 109620	  1ac34	VISION.elf
'Finished building: VISION.elf.size'
' '
21:02:36 **** Incremental Build of configuration Debug for project VISION ****
make pre-build main-build 
a9-linaro-pre-build-step
' '
make: Nothing to be done for `main-build'.
21:20:37 **** Auto Build of configuration Debug for project VISION ****
make pre-build main-build 
a9-linaro-pre-build-step
' '
'Building file: ../src/helloworld.c'
'Invoking: ARM v7 gcc compiler'
arm-none-eabi-gcc -Wall -O0 -g3 -c -fmessage-length=0 -MT"src/helloworld.o" -mcpu=cortex-a9 -mfpu=vfpv3 -mfloat-abi=hard -I../../VISION_bsp/ps7_cortexa9_0/include -MMD -MP -MF"src/helloworld.d" -MT"src/helloworld.o" -o "src/helloworld.o" "../src/helloworld.c"
'Finished building: ../src/helloworld.c'
' '
'Building target: VISION.elf'
'Invoking: ARM v7 gcc linker'
arm-none-eabi-gcc -mcpu=cortex-a9 -mfpu=vfpv3 -mfloat-abi=hard -Wl,-build-id=none -specs=Xilinx.spec -Wl,-T -Wl,../src/lscript.ld -L../../VISION_bsp/ps7_cortexa9_0/lib -o "VISION.elf"  ./src/helloworld.o ./src/platform.o   -Wl,--start-group,-lxil,-lgcc,-lc,--end-group
'Finished building target: VISION.elf'
' '
'Invoking: ARM v7 Print Size'
arm-none-eabi-size VISION.elf  |tee "VISION.elf.size"
   text	   data	    bss	    dec	    hex	filename
  83156	   2624	  23712	 109492	  1abb4	VISION.elf
'Finished building: VISION.elf.size'
' '
21:20:40 **** Incremental Build of configuration Debug for project VISION ****
make pre-build main-build 
a9-linaro-pre-build-step
' '
make: Nothing to be done for `main-build'.
21:21:37 **** Auto Build of configuration Debug for project VISION ****
make pre-build main-build 
a9-linaro-pre-build-step
' '
'Building file: ../src/helloworld.c'
'Invoking: ARM v7 gcc compiler'
arm-none-eabi-gcc -Wall -O0 -g3 -c -fmessage-length=0 -MT"src/helloworld.o" -mcpu=cortex-a9 -mfpu=vfpv3 -mfloat-abi=hard -I../../VISION_bsp/ps7_cortexa9_0/include -MMD -MP -MF"src/helloworld.d" -MT"src/helloworld.o" -o "src/helloworld.o" "../src/helloworld.c"
'Finished building: ../src/helloworld.c'
' '
'Building target: VISION.elf'
'Invoking: ARM v7 gcc linker'
arm-none-eabi-gcc -mcpu=cortex-a9 -mfpu=vfpv3 -mfloat-abi=hard -Wl,-build-id=none -specs=Xilinx.spec -Wl,-T -Wl,../src/lscript.ld -L../../VISION_bsp/ps7_cortexa9_0/lib -o "VISION.elf"  ./src/helloworld.o ./src/platform.o   -Wl,--start-group,-lxil,-lgcc,-lc,--end-group
'Finished building target: VISION.elf'
' '
'Invoking: ARM v7 Print Size'
arm-none-eabi-size VISION.elf  |tee "VISION.elf.size"
   text	   data	    bss	    dec	    hex	filename
  83156	   2624	  23712	 109492	  1abb4	VISION.elf
'Finished building: VISION.elf.size'
' '
21:21:42 **** Incremental Build of configuration Debug for project VISION ****
make pre-build main-build 
a9-linaro-pre-build-step
' '
make: Nothing to be done for `main-build'.
21:25:51 **** Auto Build of configuration Debug for project VISION ****
make pre-build main-build 
a9-linaro-pre-build-step
' '
'Building file: ../src/helloworld.c'
'Invoking: ARM v7 gcc compiler'
arm-none-eabi-gcc -Wall -O0 -g3 -c -fmessage-length=0 -MT"src/helloworld.o" -mcpu=cortex-a9 -mfpu=vfpv3 -mfloat-abi=hard -I../../VISION_bsp/ps7_cortexa9_0/include -MMD -MP -MF"src/helloworld.d" -MT"src/helloworld.o" -o "src/helloworld.o" "../src/helloworld.c"
'Finished building: ../src/helloworld.c'
' '
'Building target: VISION.elf'
'Invoking: ARM v7 gcc linker'
arm-none-eabi-gcc -mcpu=cortex-a9 -mfpu=vfpv3 -mfloat-abi=hard -Wl,-build-id=none -specs=Xilinx.spec -Wl,-T -Wl,../src/lscript.ld -L../../VISION_bsp/ps7_cortexa9_0/lib -o "VISION.elf"  ./src/helloworld.o ./src/platform.o   -Wl,--start-group,-lxil,-lgcc,-lc,--end-group
'Finished building target: VISION.elf'
' '
'Invoking: ARM v7 Print Size'
arm-none-eabi-size VISION.elf  |tee "VISION.elf.size"
   text	   data	    bss	    dec	    hex	filename
  83220	   2624	  23712	 109556	  1abf4	VISION.elf
'Finished building: VISION.elf.size'
' '
21:26:01 **** Incremental Build of configuration Debug for project VISION ****
make pre-build main-build 
a9-linaro-pre-build-step
' '
make: Nothing to be done for `main-build'.
21:26:50 **** Incremental Build of configuration Debug for project VISION ****
make pre-build main-build 
a9-linaro-pre-build-step
' '
make: Nothing to be done for `main-build'.
21:34:09 **** Auto Build of configuration Debug for project VISION ****
make pre-build main-build 
a9-linaro-pre-build-step
' '
'Building file: ../src/helloworld.c'
'Invoking: ARM v7 gcc compiler'
arm-none-eabi-gcc -Wall -O0 -g3 -c -fmessage-length=0 -MT"src/helloworld.o" -mcpu=cortex-a9 -mfpu=vfpv3 -mfloat-abi=hard -I../../VISION_bsp/ps7_cortexa9_0/include -MMD -MP -MF"src/helloworld.d" -MT"src/helloworld.o" -o "src/helloworld.o" "../src/helloworld.c"
'Finished building: ../src/helloworld.c'
' '
'Building target: VISION.elf'
'Invoking: ARM v7 gcc linker'
arm-none-eabi-gcc -mcpu=cortex-a9 -mfpu=vfpv3 -mfloat-abi=hard -Wl,-build-id=none -specs=Xilinx.spec -Wl,-T -Wl,../src/lscript.ld -L../../VISION_bsp/ps7_cortexa9_0/lib -o "VISION.elf"  ./src/helloworld.o ./src/platform.o   -Wl,--start-group,-lxil,-lgcc,-lc,--end-group
'Finished building target: VISION.elf'
' '
'Invoking: ARM v7 Print Size'
arm-none-eabi-size VISION.elf  |tee "VISION.elf.size"
   text	   data	    bss	    dec	    hex	filename
  83220	   2624	  23712	 109556	  1abf4	VISION.elf
'Finished building: VISION.elf.size'
' '
21:50:52 **** Auto Build of configuration Debug for project VISION ****
make pre-build main-build 
a9-linaro-pre-build-step
' '
'Building file: ../src/helloworld.c'
'Invoking: ARM v7 gcc compiler'
arm-none-eabi-gcc -Wall -O0 -g3 -c -fmessage-length=0 -MT"src/helloworld.o" -mcpu=cortex-a9 -mfpu=vfpv3 -mfloat-abi=hard -I../../VISION_bsp/ps7_cortexa9_0/include -MMD -MP -MF"src/helloworld.d" -MT"src/helloworld.o" -o "src/helloworld.o" "../src/helloworld.c"
'Finished building: ../src/helloworld.c'
' '
'Building target: VISION.elf'
'Invoking: ARM v7 gcc linker'
arm-none-eabi-gcc -mcpu=cortex-a9 -mfpu=vfpv3 -mfloat-abi=hard -Wl,-build-id=none -specs=Xilinx.spec -Wl,-T -Wl,../src/lscript.ld -L../../VISION_bsp/ps7_cortexa9_0/lib -o "VISION.elf"  ./src/helloworld.o ./src/platform.o   -Wl,--start-group,-lxil,-lgcc,-lc,--end-group
'Finished building target: VISION.elf'
' '
'Invoking: ARM v7 Print Size'
arm-none-eabi-size VISION.elf  |tee "VISION.elf.size"
   text	   data	    bss	    dec	    hex	filename
  83220	   2624	  23712	 109556	  1abf4	VISION.elf
'Finished building: VISION.elf.size'
' '
21:51:05 **** Auto Build of configuration Debug for project VISION ****
make pre-build main-build 
a9-linaro-pre-build-step
' '
'Building file: ../src/helloworld.c'
'Invoking: ARM v7 gcc compiler'
arm-none-eabi-gcc -Wall -O0 -g3 -c -fmessage-length=0 -MT"src/helloworld.o" -mcpu=cortex-a9 -mfpu=vfpv3 -mfloat-abi=hard -I../../VISION_bsp/ps7_cortexa9_0/include -MMD -MP -MF"src/helloworld.d" -MT"src/helloworld.o" -o "src/helloworld.o" "../src/helloworld.c"
../src/helloworld.c: In function 'main':
../src/helloworld.c:73:6: warning: unused variable 'LedValue' [-Wunused-variable]
  int LedValue[16] = {8,12,9,13,14,10,15,11,7,3,6,2,1,5,0,4};
      ^~~~~~~~
'Finished building: ../src/helloworld.c'
' '
'Building target: VISION.elf'
'Invoking: ARM v7 gcc linker'
arm-none-eabi-gcc -mcpu=cortex-a9 -mfpu=vfpv3 -mfloat-abi=hard -Wl,-build-id=none -specs=Xilinx.spec -Wl,-T -Wl,../src/lscript.ld -L../../VISION_bsp/ps7_cortexa9_0/lib -o "VISION.elf"  ./src/helloworld.o ./src/platform.o   -Wl,--start-group,-lxil,-lgcc,-lc,--end-group
'Finished building target: VISION.elf'
' '
'Invoking: ARM v7 Print Size'
arm-none-eabi-size VISION.elf  |tee "VISION.elf.size"
   text	   data	    bss	    dec	    hex	filename
  83348	   2624	  23712	 109684	  1ac74	VISION.elf
'Finished building: VISION.elf.size'
' '
21:51:57 **** Auto Build of configuration Debug for project VISION ****
make pre-build main-build 
a9-linaro-pre-build-step
' '
'Building file: ../src/helloworld.c'
'Invoking: ARM v7 gcc compiler'
arm-none-eabi-gcc -Wall -O0 -g3 -c -fmessage-length=0 -MT"src/helloworld.o" -mcpu=cortex-a9 -mfpu=vfpv3 -mfloat-abi=hard -I../../VISION_bsp/ps7_cortexa9_0/include -MMD -MP -MF"src/helloworld.d" -MT"src/helloworld.o" -o "src/helloworld.o" "../src/helloworld.c"
'Finished building: ../src/helloworld.c'
' '
'Building target: VISION.elf'
'Invoking: ARM v7 gcc linker'
arm-none-eabi-gcc -mcpu=cortex-a9 -mfpu=vfpv3 -mfloat-abi=hard -Wl,-build-id=none -specs=Xilinx.spec -Wl,-T -Wl,../src/lscript.ld -L../../VISION_bsp/ps7_cortexa9_0/lib -o "VISION.elf"  ./src/helloworld.o ./src/platform.o   -Wl,--start-group,-lxil,-lgcc,-lc,--end-group
'Finished building target: VISION.elf'
' '
'Invoking: ARM v7 Print Size'
arm-none-eabi-size VISION.elf  |tee "VISION.elf.size"
   text	   data	    bss	    dec	    hex	filename
  83348	   2624	  23712	 109684	  1ac74	VISION.elf
'Finished building: VISION.elf.size'
' '
21:52:03 **** Incremental Build of configuration Debug for project VISION ****
make pre-build main-build 
a9-linaro-pre-build-step
' '
make: Nothing to be done for `main-build'.
21:54:15 **** Auto Build of configuration Debug for project VISION ****
make pre-build main-build 
a9-linaro-pre-build-step
' '
'Building file: ../src/helloworld.c'
'Invoking: ARM v7 gcc compiler'
arm-none-eabi-gcc -Wall -O0 -g3 -c -fmessage-length=0 -MT"src/helloworld.o" -mcpu=cortex-a9 -mfpu=vfpv3 -mfloat-abi=hard -I../../VISION_bsp/ps7_cortexa9_0/include -MMD -MP -MF"src/helloworld.d" -MT"src/helloworld.o" -o "src/helloworld.o" "../src/helloworld.c"
'Finished building: ../src/helloworld.c'
' '
'Building target: VISION.elf'
'Invoking: ARM v7 gcc linker'
arm-none-eabi-gcc -mcpu=cortex-a9 -mfpu=vfpv3 -mfloat-abi=hard -Wl,-build-id=none -specs=Xilinx.spec -Wl,-T -Wl,../src/lscript.ld -L../../VISION_bsp/ps7_cortexa9_0/lib -o "VISION.elf"  ./src/helloworld.o ./src/platform.o   -Wl,--start-group,-lxil,-lgcc,-lc,--end-group
'Finished building target: VISION.elf'
' '
'Invoking: ARM v7 Print Size'
arm-none-eabi-size VISION.elf  |tee "VISION.elf.size"
   text	   data	    bss	    dec	    hex	filename
  83412	   2624	  23712	 109748	  1acb4	VISION.elf
'Finished building: VISION.elf.size'
' '
21:54:25 **** Incremental Build of configuration Debug for project VISION ****
make pre-build main-build 
a9-linaro-pre-build-step
' '
make: Nothing to be done for `main-build'.
21:54:58 **** Incremental Build of configuration Debug for project VISION ****
make pre-build main-build 
a9-linaro-pre-build-step
' '
make: Nothing to be done for `main-build'.
21:55:12 **** Auto Build of configuration Debug for project VISION ****
make pre-build main-build 
a9-linaro-pre-build-step
' '
'Building file: ../src/helloworld.c'
'Invoking: ARM v7 gcc compiler'
arm-none-eabi-gcc -Wall -O0 -g3 -c -fmessage-length=0 -MT"src/helloworld.o" -mcpu=cortex-a9 -mfpu=vfpv3 -mfloat-abi=hard -I../../VISION_bsp/ps7_cortexa9_0/include -MMD -MP -MF"src/helloworld.d" -MT"src/helloworld.o" -o "src/helloworld.o" "../src/helloworld.c"
../src/helloworld.c: In function 'main':
../src/helloworld.c:97:9: warning: unused variable 'led2' [-Wunused-variable]
     int led2 = LedValue[15];
         ^~~~
'Finished building: ../src/helloworld.c'
' '
'Building target: VISION.elf'
'Invoking: ARM v7 gcc linker'
arm-none-eabi-gcc -mcpu=cortex-a9 -mfpu=vfpv3 -mfloat-abi=hard -Wl,-build-id=none -specs=Xilinx.spec -Wl,-T -Wl,../src/lscript.ld -L../../VISION_bsp/ps7_cortexa9_0/lib -o "VISION.elf"  ./src/helloworld.o ./src/platform.o   -Wl,--start-group,-lxil,-lgcc,-lc,--end-group
'Finished building target: VISION.elf'
' '
'Invoking: ARM v7 Print Size'
arm-none-eabi-size VISION.elf  |tee "VISION.elf.size"
   text	   data	    bss	    dec	    hex	filename
  83348	   2624	  23712	 109684	  1ac74	VISION.elf
'Finished building: VISION.elf.size'
' '
21:55:17 **** Incremental Build of configuration Debug for project VISION ****
make pre-build main-build 
a9-linaro-pre-build-step
' '
make: Nothing to be done for `main-build'.
21:57:10 **** Auto Build of configuration Debug for project VISION ****
make pre-build main-build 
a9-linaro-pre-build-step
' '
'Building file: ../src/helloworld.c'
'Invoking: ARM v7 gcc compiler'
arm-none-eabi-gcc -Wall -O0 -g3 -c -fmessage-length=0 -MT"src/helloworld.o" -mcpu=cortex-a9 -mfpu=vfpv3 -mfloat-abi=hard -I../../VISION_bsp/ps7_cortexa9_0/include -MMD -MP -MF"src/helloworld.d" -MT"src/helloworld.o" -o "src/helloworld.o" "../src/helloworld.c"
../src/helloworld.c: In function 'main':
../src/helloworld.c:95:15: error: 'LedValue' undeclared (first use in this function)
     int led = LedValue[0];
               ^~~~~~~~
../src/helloworld.c:95:15: note: each undeclared identifier is reported only once for each function it appears in
../src/helloworld.c:96:9: warning: unused variable 'led2' [-Wunused-variable]
     int led2 = LedValue[15];
         ^~~~
make: *** [src/helloworld.o] Error 1
21:57:30 **** Auto Build of configuration Debug for project VISION ****
make pre-build main-build 
a9-linaro-pre-build-step
' '
'Building file: ../src/helloworld.c'
'Invoking: ARM v7 gcc compiler'
arm-none-eabi-gcc -Wall -O0 -g3 -c -fmessage-length=0 -MT"src/helloworld.o" -mcpu=cortex-a9 -mfpu=vfpv3 -mfloat-abi=hard -I../../VISION_bsp/ps7_cortexa9_0/include -MMD -MP -MF"src/helloworld.d" -MT"src/helloworld.o" -o "src/helloworld.o" "../src/helloworld.c"
../src/helloworld.c: In function 'main':
../src/helloworld.c:96:9: warning: unused variable 'led2' [-Wunused-variable]
     int led2 = LedValue[15];
         ^~~~
'Finished building: ../src/helloworld.c'
' '
'Building target: VISION.elf'
'Invoking: ARM v7 gcc linker'
arm-none-eabi-gcc -mcpu=cortex-a9 -mfpu=vfpv3 -mfloat-abi=hard -Wl,-build-id=none -specs=Xilinx.spec -Wl,-T -Wl,../src/lscript.ld -L../../VISION_bsp/ps7_cortexa9_0/lib -o "VISION.elf"  ./src/helloworld.o ./src/platform.o   -Wl,--start-group,-lxil,-lgcc,-lc,--end-group
'Finished building target: VISION.elf'
' '
'Invoking: ARM v7 Print Size'
arm-none-eabi-size VISION.elf  |tee "VISION.elf.size"
   text	   data	    bss	    dec	    hex	filename
  83284	   2688	  23712	 109684	  1ac74	VISION.elf
'Finished building: VISION.elf.size'
' '
21:59:50 **** Auto Build of configuration Debug for project VISION ****
make pre-build main-build 
a9-linaro-pre-build-step
' '
'Building file: ../src/helloworld.c'
'Invoking: ARM v7 gcc compiler'
arm-none-eabi-gcc -Wall -O0 -g3 -c -fmessage-length=0 -MT"src/helloworld.o" -mcpu=cortex-a9 -mfpu=vfpv3 -mfloat-abi=hard -I../../VISION_bsp/ps7_cortexa9_0/include -MMD -MP -MF"src/helloworld.d" -MT"src/helloworld.o" -o "src/helloworld.o" "../src/helloworld.c"
In file included from ../src/helloworld.c:59:0:
../src/pixel_data.h: In function 'getPixelOffset':
../src/pixel_data.h:89:6: warning: unused variable 'ledVal' [-Wunused-variable]
  int ledVal = LedValue[ledNum % 16];
      ^~~~~~
../src/helloworld.c: In function 'main':
../src/helloworld.c:96:9: warning: unused variable 'led2' [-Wunused-variable]
     int led2 = LedValue[15];
         ^~~~
In file included from ../src/helloworld.c:59:0:
../src/pixel_data.h: In function 'getPixelOffset':
../src/pixel_data.h:90:1: warning: control reaches end of non-void function [-Wreturn-type]
 }
 ^
'Finished building: ../src/helloworld.c'
' '
'Building target: VISION.elf'
'Invoking: ARM v7 gcc linker'
arm-none-eabi-gcc -mcpu=cortex-a9 -mfpu=vfpv3 -mfloat-abi=hard -Wl,-build-id=none -specs=Xilinx.spec -Wl,-T -Wl,../src/lscript.ld -L../../VISION_bsp/ps7_cortexa9_0/lib -o "VISION.elf"  ./src/helloworld.o ./src/platform.o   -Wl,--start-group,-lxil,-lgcc,-lc,--end-group
'Finished building target: VISION.elf'
' '
'Invoking: ARM v7 Print Size'
arm-none-eabi-size VISION.elf  |tee "VISION.elf.size"
   text	   data	    bss	    dec	    hex	filename
  83348	   2688	  23712	 109748	  1acb4	VISION.elf
'Finished building: VISION.elf.size'
' '
22:10:37 **** Auto Build of configuration Debug for project VISION ****
make pre-build main-build 
a9-linaro-pre-build-step
' '
'Building file: ../src/helloworld.c'
'Invoking: ARM v7 gcc compiler'
arm-none-eabi-gcc -Wall -O0 -g3 -c -fmessage-length=0 -MT"src/helloworld.o" -mcpu=cortex-a9 -mfpu=vfpv3 -mfloat-abi=hard -I../../VISION_bsp/ps7_cortexa9_0/include -MMD -MP -MF"src/helloworld.d" -MT"src/helloworld.o" -o "src/helloworld.o" "../src/helloworld.c"
../src/helloworld.c: In function 'main':
../src/helloworld.c:96:9: warning: unused variable 'led2' [-Wunused-variable]
     int led2 = LedValue[15];
         ^~~~
'Finished building: ../src/helloworld.c'
' '
'Building target: VISION.elf'
'Invoking: ARM v7 gcc linker'
arm-none-eabi-gcc -mcpu=cortex-a9 -mfpu=vfpv3 -mfloat-abi=hard -Wl,-build-id=none -specs=Xilinx.spec -Wl,-T -Wl,../src/lscript.ld -L../../VISION_bsp/ps7_cortexa9_0/lib -o "VISION.elf"  ./src/helloworld.o ./src/platform.o   -Wl,--start-group,-lxil,-lgcc,-lc,--end-group
'Finished building target: VISION.elf'
' '
'Invoking: ARM v7 Print Size'
arm-none-eabi-size VISION.elf  |tee "VISION.elf.size"
   text	   data	    bss	    dec	    hex	filename
  83348	   2688	  23712	 109748	  1acb4	VISION.elf
'Finished building: VISION.elf.size'
' '
22:11:38 **** Auto Build of configuration Debug for project VISION ****
make pre-build main-build 
a9-linaro-pre-build-step
' '
'Building file: ../src/helloworld.c'
'Invoking: ARM v7 gcc compiler'
arm-none-eabi-gcc -Wall -O0 -g3 -c -fmessage-length=0 -MT"src/helloworld.o" -mcpu=cortex-a9 -mfpu=vfpv3 -mfloat-abi=hard -I../../VISION_bsp/ps7_cortexa9_0/include -MMD -MP -MF"src/helloworld.d" -MT"src/helloworld.o" -o "src/helloworld.o" "../src/helloworld.c"
'Finished building: ../src/helloworld.c'
' '
'Building target: VISION.elf'
'Invoking: ARM v7 gcc linker'
arm-none-eabi-gcc -mcpu=cortex-a9 -mfpu=vfpv3 -mfloat-abi=hard -Wl,-build-id=none -specs=Xilinx.spec -Wl,-T -Wl,../src/lscript.ld -L../../VISION_bsp/ps7_cortexa9_0/lib -o "VISION.elf"  ./src/helloworld.o ./src/platform.o   -Wl,--start-group,-lxil,-lgcc,-lc,--end-group
'Finished building target: VISION.elf'
' '
'Invoking: ARM v7 Print Size'
arm-none-eabi-size VISION.elf  |tee "VISION.elf.size"
   text	   data	    bss	    dec	    hex	filename
  83348	   2688	  23712	 109748	  1acb4	VISION.elf
'Finished building: VISION.elf.size'
' '
22:11:54 **** Incremental Build of configuration Debug for project VISION ****
make pre-build main-build 
a9-linaro-pre-build-step
' '
make: Nothing to be done for `main-build'.
22:13:50 **** Auto Build of configuration Debug for project VISION ****
make pre-build main-build 
a9-linaro-pre-build-step
' '
'Building file: ../src/helloworld.c'
'Invoking: ARM v7 gcc compiler'
arm-none-eabi-gcc -Wall -O0 -g3 -c -fmessage-length=0 -MT"src/helloworld.o" -mcpu=cortex-a9 -mfpu=vfpv3 -mfloat-abi=hard -I../../VISION_bsp/ps7_cortexa9_0/include -MMD -MP -MF"src/helloworld.d" -MT"src/helloworld.o" -o "src/helloworld.o" "../src/helloworld.c"
'Finished building: ../src/helloworld.c'
' '
'Building target: VISION.elf'
'Invoking: ARM v7 gcc linker'
arm-none-eabi-gcc -mcpu=cortex-a9 -mfpu=vfpv3 -mfloat-abi=hard -Wl,-build-id=none -specs=Xilinx.spec -Wl,-T -Wl,../src/lscript.ld -L../../VISION_bsp/ps7_cortexa9_0/lib -o "VISION.elf"  ./src/helloworld.o ./src/platform.o   -Wl,--start-group,-lxil,-lgcc,-lc,--end-group
'Finished building target: VISION.elf'
' '
'Invoking: ARM v7 Print Size'
arm-none-eabi-size VISION.elf  |tee "VISION.elf.size"
   text	   data	    bss	    dec	    hex	filename
  83348	   2688	  23712	 109748	  1acb4	VISION.elf
'Finished building: VISION.elf.size'
' '
22:13:52 **** Incremental Build of configuration Debug for project VISION ****
make pre-build main-build 
a9-linaro-pre-build-step
' '
make: Nothing to be done for `main-build'.
22:14:12 **** Auto Build of configuration Debug for project VISION ****
make pre-build main-build 
a9-linaro-pre-build-step
' '
'Building file: ../src/helloworld.c'
'Invoking: ARM v7 gcc compiler'
arm-none-eabi-gcc -Wall -O0 -g3 -c -fmessage-length=0 -MT"src/helloworld.o" -mcpu=cortex-a9 -mfpu=vfpv3 -mfloat-abi=hard -I../../VISION_bsp/ps7_cortexa9_0/include -MMD -MP -MF"src/helloworld.d" -MT"src/helloworld.o" -o "src/helloworld.o" "../src/helloworld.c"
'Finished building: ../src/helloworld.c'
' '
'Building target: VISION.elf'
'Invoking: ARM v7 gcc linker'
arm-none-eabi-gcc -mcpu=cortex-a9 -mfpu=vfpv3 -mfloat-abi=hard -Wl,-build-id=none -specs=Xilinx.spec -Wl,-T -Wl,../src/lscript.ld -L../../VISION_bsp/ps7_cortexa9_0/lib -o "VISION.elf"  ./src/helloworld.o ./src/platform.o   -Wl,--start-group,-lxil,-lgcc,-lc,--end-group
'Finished building target: VISION.elf'
' '
'Invoking: ARM v7 Print Size'
arm-none-eabi-size VISION.elf  |tee "VISION.elf.size"
   text	   data	    bss	    dec	    hex	filename
  83348	   2688	  23712	 109748	  1acb4	VISION.elf
'Finished building: VISION.elf.size'
' '
22:14:18 **** Incremental Build of configuration Debug for project VISION ****
make pre-build main-build 
a9-linaro-pre-build-step
' '
make: Nothing to be done for `main-build'.
22:14:32 **** Auto Build of configuration Debug for project VISION ****
make pre-build main-build 
a9-linaro-pre-build-step
' '
'Building file: ../src/helloworld.c'
'Invoking: ARM v7 gcc compiler'
arm-none-eabi-gcc -Wall -O0 -g3 -c -fmessage-length=0 -MT"src/helloworld.o" -mcpu=cortex-a9 -mfpu=vfpv3 -mfloat-abi=hard -I../../VISION_bsp/ps7_cortexa9_0/include -MMD -MP -MF"src/helloworld.d" -MT"src/helloworld.o" -o "src/helloworld.o" "../src/helloworld.c"
'Finished building: ../src/helloworld.c'
' '
'Building target: VISION.elf'
'Invoking: ARM v7 gcc linker'
arm-none-eabi-gcc -mcpu=cortex-a9 -mfpu=vfpv3 -mfloat-abi=hard -Wl,-build-id=none -specs=Xilinx.spec -Wl,-T -Wl,../src/lscript.ld -L../../VISION_bsp/ps7_cortexa9_0/lib -o "VISION.elf"  ./src/helloworld.o ./src/platform.o   -Wl,--start-group,-lxil,-lgcc,-lc,--end-group
'Finished building target: VISION.elf'
' '
'Invoking: ARM v7 Print Size'
arm-none-eabi-size VISION.elf  |tee "VISION.elf.size"
   text	   data	    bss	    dec	    hex	filename
  83348	   2688	  23712	 109748	  1acb4	VISION.elf
'Finished building: VISION.elf.size'
' '
22:14:34 **** Incremental Build of configuration Debug for project VISION ****
make pre-build main-build 
a9-linaro-pre-build-step
' '
make: Nothing to be done for `main-build'.
