22:25:08 **** Incremental Build of configuration Debug for project Vision ****
make pre-build main-build 
a9-linaro-pre-build-step
' '
'Building file: ../src/helloworld.c'
'Invoking: ARM v7 gcc compiler'
arm-none-eabi-gcc -Wall -O0 -g3 -c -fmessage-length=0 -MT"src/helloworld.o" -mcpu=cortex-a9 -mfpu=vfpv3 -mfloat-abi=hard -I../../Vision_bsp/ps7_cortexa9_0/include -MMD -MP -MF"src/helloworld.d" -MT"src/helloworld.o" -o "src/helloworld.o" "../src/helloworld.c"
../src/helloworld.c: In function 'render':
../src/helloworld.c:203:11: warning: passing argument 1 of 'transfer' makes integer from pointer without a cast [-Wint-conversion]
  transfer(&(frame_buffer[currentFrame]->sections[current_theta].layers[current_layer]), BRAM_LAYER_1, sizeof(Layer));
           ^
../src/helloworld.c:87:6: note: expected 'UINTPTR {aka unsigned int}' but argument is of type 'Layer * {aka struct <anonymous> *}'
 void transfer(UINTPTR source, UINTPTR dest, int length);
      ^~~~~~~~
In file included from ../src/command.h:11:0,
                 from ../src/helloworld.c:63:
At top level:
../src/pixel_data.h:49:14: warning: 'pixel_blue' defined but not used [-Wunused-variable]
 static Pixel pixel_blue = {0x0, 0x0, 0xFFFF};
              ^~~~~~~~~~
../src/pixel_data.h:48:14: warning: 'pixel_green' defined but not used [-Wunused-variable]
 static Pixel pixel_green = {0x0, 0xFFFF, 0x0};
              ^~~~~~~~~~~
../src/pixel_data.h:47:14: warning: 'pixel_red' defined but not used [-Wunused-variable]
 static Pixel pixel_red = {0xFFFF, 0x0, 0x0};
              ^~~~~~~~~
../src/pixel_data.h:46:14: warning: 'pixel_white' defined but not used [-Wunused-variable]
 static Pixel pixel_white = {0xFFFF, 0xFFFF, 0xFFFF};
              ^~~~~~~~~~~
'Finished building: ../src/helloworld.c'
' '
'Building target: Vision.elf'
'Invoking: ARM v7 gcc linker'
arm-none-eabi-gcc -mcpu=cortex-a9 -mfpu=vfpv3 -mfloat-abi=hard -Wl,-build-id=none -specs=Xilinx.spec -Wl,-T -Wl,../src/lscript.ld -L../../Vision_bsp/ps7_cortexa9_0/lib -o "Vision.elf"  ./src/helloworld.o ./src/platform.o   -Wl,--start-group,-lxil,-lgcc,-lc,--end-group
'Finished building target: Vision.elf'
' '
'Invoking: ARM v7 Print Size'
arm-none-eabi-size Vision.elf  |tee "Vision.elf.size"
   text	   data	    bss	    dec	    hex	filename
  92156	   4352	67117520	67214028	4019acc	Vision.elf
'Finished building: Vision.elf.size'
' '

22:25:09 Build Finished (took 1s.284ms)

